Using pre-set license
Desktop is 1920 x 1080 @ 60 Hz

 COMMAND LINE ARGUMENTS:
Unity
-adb2
-batchMode
-noUpm
-name
AssetImportWorker0
-projectPath
/home/bohdan/2D Platformer Enemy Behaviours
-logFile
Logs/AssetImportWorker0.log
-srvPort
42813
Successfully changed project path to: /home/bohdan/2D Platformer Enemy Behaviours
/home/bohdan/2D Platformer Enemy Behaviours
Using Asset Import Pipeline V2.
Refreshing native plugins compatible for Editor in 66,06 ms, found 2 plugins.
Preloading 0 native plugins for Editor in 0,00 ms.
Initialize engine version: 2020.2.1f1 (270dd8c3da1c)
[Subsystems] Discovering subsystems at path /home/bohdan/Unity/Hub/Editor/2020.2.1f1/Editor/Data/Resources/UnitySubsystems
[Subsystems] Discovering subsystems at path /home/bohdan/2D Platformer Enemy Behaviours/Assets
GLX Extensions: GLX_ARB_create_context GLX_ARB_create_context_no_error GLX_ARB_create_context_profile GLX_ARB_create_context_robustness GLX_ARB_fbconfig_float GLX_ARB_framebuffer_sRGB GLX_ARB_get_proc_address GLX_ARB_multisample GLX_EXT_buffer_age GLX_EXT_create_context_es2_profile GLX_EXT_create_context_es_profile GLX_EXT_fbconfig_packed_float GLX_EXT_framebuffer_sRGB GLX_EXT_import_context GLX_EXT_texture_from_pixmap GLX_EXT_visual_info GLX_EXT_visual_rating GLX_INTEL_swap_event GLX_MESA_copy_sub_buffer GLX_MESA_query_renderer GLX_MESA_swap_control GLX_OML_swap_method GLX_OML_sync_control GLX_SGIS_multisample GLX_SGIX_fbconfig GLX_SGIX_pbuffer GLX_SGIX_visual_select_group GLX_SGI_make_current_read GLX_SGI_swap_control GLX_SGI_video_sync 
Renderer: Mesa Intel(R) HD Graphics 620 (KBL GT2)
Vendor:   Intel
Version:  4.6 (Core Profile) Mesa 20.2.6
GLES:     0
 GL_3DFX_texture_compression_FXT1 GL_AMD_conservative_depth GL_AMD_depth_clamp_separate GL_AMD_draw_buffers_blend GL_AMD_gpu_shader_int64 GL_AMD_multi_draw_indirect GL_AMD_performance_monitor GL_AMD_pinned_memory GL_AMD_query_buffer_object GL_AMD_seamless_cubemap_per_texture GL_AMD_shader_stencil_export GL_AMD_shader_trinary_minmax GL_AMD_texture_texture4 GL_AMD_vertex_shader_layer GL_AMD_vertex_shader_viewport_index GL_ANGLE_texture_compression_dxt3 GL_ANGLE_texture_compression_dxt5 GL_ARB_ES2_compatibility GL_ARB_ES3_1_compatibility GL_ARB_ES3_2_compatibility GL_ARB_ES3_compatibility GL_ARB_arrays_of_arrays GL_ARB_base_instance GL_ARB_blend_func_extended GL_ARB_buffer_storage GL_ARB_clear_buffer_object GL_ARB_clear_texture GL_ARB_clip_control GL_ARB_compressed_texture_pixel_storage GL_ARB_compute_shader GL_ARB_compute_variable_group_size GL_ARB_conditional_render_inverted GL_ARB_conservative_depth GL_ARB_copy_buffer GL_ARB_copy_image GL_ARB_cull_distance GL_ARB_debug_output GL_ARB_depth_buffer_float GL_ARB
_depth_clamp GL_ARB_derivative_control GL_ARB_direct_state_access GL_ARB_draw_buffers GL_ARB_draw_buffers_blend GL_ARB_draw_elements_base_vertex GL_ARB_draw_indirect GL_ARB_draw_instanced GL_ARB_enhanced_layouts GL_ARB_explicit_attrib_location GL_ARB_explicit_uniform_location GL_ARB_fragment_coord_conventions GL_ARB_fragment_layer_viewport GL_ARB_fragment_shader GL_ARB_fragment_shader_interlock GL_ARB_framebuffer_no_attachments GL_ARB_framebuffer_object GL_ARB_framebuffer_sRGB GL_ARB_get_program_binary GL_ARB_get_texture_sub_image GL_ARB_gl_spirv GL_ARB_gpu_shader5 GL_ARB_gpu_shader_fp64 GL_ARB_gpu_shader_int64 GL_ARB_half_float_pixel GL_ARB_half_float_vertex GL_ARB_indirect_parameters GL_ARB_instanced_arrays GL_ARB_internalformat_query GL_ARB_internalformat_query2 GL_ARB_invalidate_subdata GL_ARB_map_buffer_alignment GL_ARB_map_buffer_range GL_ARB_multi_bind GL_ARB_multi_draw_indirect GL_ARB_occlusion_query2 GL_ARB_parallel_shader_compile GL_ARB_pipeline_statistics_query GL_ARB_pixel_buffer_object GL_ARB_po
int_sprite GL_ARB_polygon_offset_clamp GL_ARB_post_depth_coverage GL_ARB_program_interface_query GL_ARB_provoking_vertex GL_ARB_query_buffer_object GL_ARB_robust_buffer_access_behavior GL_ARB_robustness GL_ARB_sample_shading GL_ARB_sampler_objects GL_ARB_seamless_cube_map GL_ARB_seamless_cubemap_per_texture GL_ARB_separate_shader_objects GL_ARB_shader_atomic_counter_ops GL_ARB_shader_atomic_counters GL_ARB_shader_ballot GL_ARB_shader_bit_encoding GL_ARB_shader_clock GL_ARB_shader_draw_parameters GL_ARB_shader_group_vote GL_ARB_shader_image_load_store GL_ARB_shader_image_size GL_ARB_shader_objects GL_ARB_shader_precision GL_ARB_shader_stencil_export GL_ARB_shader_storage_buffer_object GL_ARB_shader_subroutine GL_ARB_shader_texture_image_samples GL_ARB_shader_texture_lod GL_ARB_shader_viewport_layer_array GL_ARB_shading_language_420pack GL_ARB_shading_language_include GL_ARB_shading_language_packing GL_ARB_spirv_extensions GL_ARB_stencil_texturing GL_ARB_sync GL_ARB_tessellation_shader GL_ARB_texture_barrier G
L_ARB_texture_buffer_object GL_ARB_texture_buffer_object_rgb32 GL_ARB_texture_buffer_range GL_ARB_texture_compression_bptc GL_ARB_texture_compression_rgtc GL_ARB_texture_cube_map_array GL_ARB_texture_filter_anisotropic GL_ARB_texture_float GL_ARB_texture_gather GL_ARB_texture_mirror_clamp_to_edge GL_ARB_texture_multisample GL_ARB_texture_non_power_of_two GL_ARB_texture_query_levels GL_ARB_texture_query_lod GL_ARB_texture_rectangle GL_ARB_texture_rg GL_ARB_texture_rgb10_a2ui GL_ARB_texture_stencil8 GL_ARB_texture_storage GL_ARB_texture_storage_multisample GL_ARB_texture_swizzle GL_ARB_texture_view GL_ARB_timer_query GL_ARB_transform_feedback2 GL_ARB_transform_feedback3 GL_ARB_transform_feedback_instanced GL_ARB_transform_feedback_overflow_query GL_ARB_uniform_buffer_object GL_ARB_vertex_array_bgra GL_ARB_vertex_array_object GL_ARB_vertex_attrib_64bit GL_ARB_vertex_attrib_binding GL_ARB_vertex_buffer_object GL_ARB_vertex_shader GL_ARB_vertex_type_10f_11f_11f_rev GL_ARB_vertex_type_2_10_10_10_rev GL_ARB_viewpor
t_array GL_ATI_blend_equation_separate GL_ATI_texture_float GL_EXT_EGL_image_storage GL_EXT_EGL_sync GL_EXT_abgr GL_EXT_blend_equation_separate GL_EXT_demote_to_helper_invocation GL_EXT_draw_buffers2 GL_EXT_draw_instanced GL_EXT_framebuffer_blit GL_EXT_framebuffer_multisample GL_EXT_framebuffer_multisample_blit_scaled GL_EXT_framebuffer_object GL_EXT_framebuffer_sRGB GL_EXT_packed_depth_stencil GL_EXT_packed_float GL_EXT_pixel_buffer_object GL_EXT_polygon_offset_clamp GL_EXT_provoking_vertex GL_EXT_shader_framebuffer_fetch GL_EXT_shader_framebuffer_fetch_non_coherent GL_EXT_shader_integer_mix GL_EXT_shader_samples_identical GL_EXT_texture_array GL_EXT_texture_compression_dxt1 GL_EXT_texture_compression_rgtc GL_EXT_texture_compression_s3tc GL_EXT_texture_filter_anisotropic GL_EXT_texture_integer GL_EXT_texture_sRGB GL_EXT_texture_sRGB_R8 GL_EXT_texture_sRGB_decode GL_EXT_texture_shadow_lod GL_EXT_texture_shared_exponent GL_EXT_texture_snorm GL_EXT_texture_swizzle GL_EXT_timer_query GL_EXT_transform_feedback G
L_EXT_vertex_array_bgra GL_EXT_vertex_attrib_64bit GL_IBM_multimode_draw_arrays GL_INTEL_blackhole_render GL_INTEL_conservative_rasterization GL_INTEL_performance_query GL_INTEL_shader_atomic_float_minmax GL_INTEL_shader_integer_functions2 GL_KHR_blend_equation_advanced GL_KHR_blend_equation_advanced_coherent GL_KHR_context_flush_control GL_KHR_debug GL_KHR_no_error GL_KHR_parallel_shader_compile GL_KHR_robust_buffer_access_behavior GL_KHR_robustness GL_KHR_texture_compression_astc_ldr GL_KHR_texture_compression_astc_sliced_3d GL_MESA_framebuffer_flip_y GL_MESA_pack_invert GL_MESA_shader_integer_functions GL_MESA_texture_signed_rgba GL_NV_compute_shader_derivatives GL_NV_conditional_render GL_NV_copy_image GL_NV_depth_clamp GL_NV_fragment_shader_interlock GL_NV_packed_depth_stencil GL_NV_texture_barrier GL_OES_EGL_image GL_S3_s3tc
OPENGL LOG: Creating OpenGL 4.6 graphics device ; Context level  <OpenGL 4.5> ; Context handle -2075518048
Initialize mono
Mono path[0] = '/home/bohdan/Unity/Hub/Editor/2020.2.1f1/Editor/Data/Managed'
Mono path[1] = '/home/bohdan/Unity/Hub/Editor/2020.2.1f1/Editor/Data/MonoBleedingEdge/lib/mono/unityjit'
Mono config path = '/home/bohdan/Unity/Hub/Editor/2020.2.1f1/Editor/Data/MonoBleedingEdge/etc'
Using monoOptions --debugger-agent=transport=dt_socket,embedding=1,server=y,suspend=n,address=127.0.0.1:56713
Begin MonoManager ReloadAssembly
Registering precompiled unity dll's ...
Register platform support module: /home/bohdan/Unity/Hub/Editor/2020.2.1f1/Editor/Data/PlaybackEngines/WebGLSupport/UnityEditor.WebGL.Extensions.dll
Register platform support module: /home/bohdan/Unity/Hub/Editor/2020.2.1f1/Editor/Data/PlaybackEngines/WindowsStandaloneSupport/UnityEditor.WindowsStandalone.Extensions.dll
Register platform support module: /home/bohdan/Unity/Hub/Editor/2020.2.1f1/Editor/Data/PlaybackEngines/LinuxStandaloneSupport/UnityEditor.LinuxStandalone.Extensions.dll
Registered in 0,001715 seconds.
Native extension for LinuxStandalone target not found
Native extension for WindowsStandalone target not found
Native extension for WebGL target not found
Refreshing native plugins compatible for Editor in 48,25 ms, found 2 plugins.
Preloading 0 native plugins for Editor in 0,00 ms.
Invoked RoslynAnalysisRunner static constructor.
RoslynAnalysisRunner will not be running.
RoslynAnalysisRunner has terminated.
Mono: successfully reloaded assembly
- Completed reload, in  5,856 seconds
Platform modules already initialized, skipping
Registering precompiled user dll's ...
Registered in 0,001490 seconds.
Begin MonoManager ReloadAssembly
Native extension for LinuxStandalone target not found
Native extension for WindowsStandalone target not found
Native extension for WebGL target not found
Refreshing native plugins compatible for Editor in 49,92 ms, found 2 plugins.
Preloading 0 native plugins for Editor in 0,00 ms.
Invoked RoslynAnalysisRunner static constructor.
RoslynAnalysisRunner will not be running.
RoslynAnalysisRunner has terminated.
Mono: successfully reloaded assembly
- Completed reload, in  1,034 seconds
Platform modules already initialized, skipping
========================================================================
Worker process is ready to serve import requests
Launched and connected shader compiler UnityShaderCompiler after 0.06 seconds
Refreshing native plugins compatible for Editor in 2,08 ms, found 2 plugins.
Preloading 0 native plugins for Editor in 0,00 ms.
Unloading 1948 Unused Serialized files (Serialized files now loaded: 0)
System memory in use before: 83,6 MB.
System memory in use after: 83,5 MB.

Unloading 30 unused Assets to reduce memory usage. Loaded Objects now: 2385.
Total: 3,854548 ms (FindLiveObjects: 0,346679 ms CreateObjectMapping: 0,162690 ms MarkObjects: 3,000663 ms  DeleteObjects: 0,342276 ms)

========================================================================
Received Import Request.
  path: Assets/2D Platformer Enemy Behaviours/Physics
  artifactKey: Guid(5f86889a5c91f54d799ab112ec424929) Importer(815301076,1909f56bfc062723c751e8b465ee728b)
Start importing Assets/2D Platformer Enemy Behaviours/Physics using Guid(5f86889a5c91f54d799ab112ec424929) Importer(815301076,1909f56bfc062723c751e8b465ee728b)  -> (artifact id: '9df8b543e8651dba3bd28e93975f4835') in 0,030670 seconds
  Import took 0,035377 seconds .

========================================================================
Received Import Request.
  Time since last request: 16,051142 seconds.
  path: Assets/2D Platformer Enemy Behaviours/Physics/CharacterPhysics.physicMaterial
  artifactKey: Guid(61678aeac94ddfba7afc20a8b9da8b7e) Importer(815301076,1909f56bfc062723c751e8b465ee728b)
Start importing Assets/2D Platformer Enemy Behaviours/Physics/CharacterPhysics.physicMaterial using Guid(61678aeac94ddfba7afc20a8b9da8b7e) Importer(815301076,1909f56bfc062723c751e8b465ee728b)  -> (artifact id: '8e2ef52b8c2fcb818c0eed68488b8de3') in 0,011209 seconds
  Import took 0,015442 seconds .

========================================================================
Received Import Request.
  Time since last request: 0,015104 seconds.
  path: Assets/2D Platformer Enemy Behaviours/Physics/CharacterPhysics.physicMaterial
  artifactKey: Guid(61678aeac94ddfba7afc20a8b9da8b7e) Importer(815301076,1909f56bfc062723c751e8b465ee728b)
Start importing Assets/2D Platformer Enemy Behaviours/Physics/CharacterPhysics.physicMaterial using Guid(61678aeac94ddfba7afc20a8b9da8b7e) Importer(815301076,1909f56bfc062723c751e8b465ee728b)  -> (artifact id: '8e2ef52b8c2fcb818c0eed68488b8de3') in 0,002079 seconds
  Import took 0,006915 seconds .

========================================================================
Received Import Request.
  Time since last request: 57,742383 seconds.
  path: Assets/2D Platformer Enemy Behaviours/Physics/CharacterPhysics.physicsMaterial2D
  artifactKey: Guid(50549c6816e7e40b68e7659efe13e63c) Importer(815301076,1909f56bfc062723c751e8b465ee728b)
Start importing Assets/2D Platformer Enemy Behaviours/Physics/CharacterPhysics.physicsMaterial2D using Guid(50549c6816e7e40b68e7659efe13e63c) Importer(815301076,1909f56bfc062723c751e8b465ee728b)  -> (artifact id: 'b36a693ae20e38bb63d6207a6c988793') in 0,002178 seconds
  Import took 0,005634 seconds .

========================================================================
Received Import Request.
  Time since last request: 0,024643 seconds.
  path: Assets/2D Platformer Enemy Behaviours/Physics/CharacterPhysics.physicsMaterial2D
  artifactKey: Guid(50549c6816e7e40b68e7659efe13e63c) Importer(815301076,1909f56bfc062723c751e8b465ee728b)
Start importing Assets/2D Platformer Enemy Behaviours/Physics/CharacterPhysics.physicsMaterial2D using Guid(50549c6816e7e40b68e7659efe13e63c) Importer(815301076,1909f56bfc062723c751e8b465ee728b)  -> (artifact id: 'b36a693ae20e38bb63d6207a6c988793') in 0,001986 seconds
  Import took 0,005497 seconds .

========================================================================
Received Import Request.
  Time since last request: 4,231728 seconds.
  path: Assets/2D Platformer Enemy Behaviours/Physics/CharacterPhysics.physicsMaterial2D
  artifactKey: Guid(50549c6816e7e40b68e7659efe13e63c) Importer(815301076,1909f56bfc062723c751e8b465ee728b)
Start importing Assets/2D Platformer Enemy Behaviours/Physics/CharacterPhysics.physicsMaterial2D using Guid(50549c6816e7e40b68e7659efe13e63c) Importer(815301076,1909f56bfc062723c751e8b465ee728b)  -> (artifact id: '45498b2fdd98d05526a89df03e499920') in 0,001651 seconds
  Import took 0,005224 seconds .

========================================================================
Received Import Request.
  Time since last request: 0,025029 seconds.
  path: Assets/2D Platformer Enemy Behaviours/Physics/CharacterPhysics.physicsMaterial2D
  artifactKey: Guid(50549c6816e7e40b68e7659efe13e63c) Importer(815301076,1909f56bfc062723c751e8b465ee728b)
Start importing Assets/2D Platformer Enemy Behaviours/Physics/CharacterPhysics.physicsMaterial2D using Guid(50549c6816e7e40b68e7659efe13e63c) Importer(815301076,1909f56bfc062723c751e8b465ee728b)  -> (artifact id: '45498b2fdd98d05526a89df03e499920') in 0,003137 seconds
  Import took 0,008366 seconds .

========================================================================
Received Prepare
Registering precompiled user dll's ...
Registered in 0,001462 seconds.
Begin MonoManager ReloadAssembly
Native extension for LinuxStandalone target not found
Native extension for WindowsStandalone target not found
Native extension for WebGL target not found
Refreshing native plugins compatible for Editor in 0,52 ms, found 2 plugins.
Preloading 0 native plugins for Editor in 0,00 ms.
Invoked RoslynAnalysisRunner static constructor.
RoslynAnalysisRunner will not be running.
RoslynAnalysisRunner has terminated.
Mono: successfully reloaded assembly
- Completed reload, in  0,928 seconds
Platform modules already initialized, skipping
Refreshing native plugins compatible for Editor in 0,52 ms, found 2 plugins.
Preloading 0 native plugins for Editor in 0,00 ms.
Unloading 1936 Unused Serialized files (Serialized files now loaded: 0)
System memory in use before: 83,3 MB.
System memory in use after: 83,2 MB.

Unloading 19 unused Assets to reduce memory usage. Loaded Objects now: 2388.
Total: 3,070500 ms (FindLiveObjects: 0,263061 ms CreateObjectMapping: 0,122216 ms MarkObjects: 2,541775 ms  DeleteObjects: 0,141129 ms)

========================================================================
Received Prepare
Registering precompiled user dll's ...
Registered in 0,002068 seconds.
Begin MonoManager ReloadAssembly
Native extension for LinuxStandalone target not found
Native extension for WindowsStandalone target not found
Native extension for WebGL target not found
Refreshing native plugins compatible for Editor in 0,52 ms, found 2 plugins.
Preloading 0 native plugins for Editor in 0,00 ms.
Invoked RoslynAnalysisRunner static constructor.
RoslynAnalysisRunner will not be running.
RoslynAnalysisRunner has terminated.
Mono: successfully reloaded assembly
- Completed reload, in  1,055 seconds
Platform modules already initialized, skipping
Refreshing native plugins compatible for Editor in 0,53 ms, found 2 plugins.
Preloading 0 native plugins for Editor in 0,00 ms.
Unloading 1938 Unused Serialized files (Serialized files now loaded: 0)
System memory in use before: 83,5 MB.
System memory in use after: 83,5 MB.

Unloading 19 unused Assets to reduce memory usage. Loaded Objects now: 2393.
Total: 3,062198 ms (FindLiveObjects: 0,267210 ms CreateObjectMapping: 0,078609 ms MarkObjects: 2,555301 ms  DeleteObjects: 0,159569 ms)

========================================================================
Received Import Request.
  Time since last request: 393,625680 seconds.
  path: Assets/2D Platformer Enemy Behaviours/3rd Party/zombie_tilesheet.png
  artifactKey: Guid(b64f5446d5ba41670bd43042ec3991ff) Importer(815301076,1909f56bfc062723c751e8b465ee728b)
Start importing Assets/2D Platformer Enemy Behaviours/3rd Party/zombie_tilesheet.png using Guid(b64f5446d5ba41670bd43042ec3991ff) Importer(815301076,1909f56bfc062723c751e8b465ee728b)  -> (artifact id: '2dc2d47e024a9fb89266aee6f448ae46') in 0,288410 seconds
  Import took 0,292933 seconds .

========================================================================
Received Prepare
Registering precompiled user dll's ...
Registered in 0,001878 seconds.
Begin MonoManager ReloadAssembly
Native extension for LinuxStandalone target not found
Native extension for WindowsStandalone target not found
Native extension for WebGL target not found
Refreshing native plugins compatible for Editor in 1,12 ms, found 2 plugins.
Preloading 0 native plugins for Editor in 0,00 ms.
Invoked RoslynAnalysisRunner static constructor.
RoslynAnalysisRunner will not be running.
RoslynAnalysisRunner has terminated.
Mono: successfully reloaded assembly
- Completed reload, in  1,341 seconds
Platform modules already initialized, skipping
Refreshing native plugins compatible for Editor in 0,82 ms, found 2 plugins.
Preloading 0 native plugins for Editor in 0,00 ms.
Unloading 1938 Unused Serialized files (Serialized files now loaded: 0)
System memory in use before: 85,1 MB.
System memory in use after: 85,1 MB.

Unloading 19 unused Assets to reduce memory usage. Loaded Objects now: 2402.
Total: 4,075511 ms (FindLiveObjects: 0,603109 ms CreateObjectMapping: 0,185667 ms MarkObjects: 3,129555 ms  DeleteObjects: 0,152685 ms)

========================================================================
Received Prepare
Registering precompiled user dll's ...
Registered in 0,001578 seconds.
Begin MonoManager ReloadAssembly
Native extension for LinuxStandalone target not found
Native extension for WindowsStandalone target not found
Native extension for WebGL target not found
Refreshing native plugins compatible for Editor in 0,53 ms, found 2 plugins.
Preloading 0 native plugins for Editor in 0,00 ms.
Invoked RoslynAnalysisRunner static constructor.
RoslynAnalysisRunner will not be running.
RoslynAnalysisRunner has terminated.
Mono: successfully reloaded assembly
- Completed reload, in  0,966 seconds
Platform modules already initialized, skipping
Refreshing native plugins compatible for Editor in 0,52 ms, found 2 plugins.
Preloading 0 native plugins for Editor in 0,00 ms.
Unloading 1938 Unused Serialized files (Serialized files now loaded: 0)
System memory in use before: 85,2 MB.
System memory in use after: 85,2 MB.

Unloading 19 unused Assets to reduce memory usage. Loaded Objects now: 2405.
Total: 3,216791 ms (FindLiveObjects: 0,326485 ms CreateObjectMapping: 0,125023 ms MarkObjects: 2,617938 ms  DeleteObjects: 0,145982 ms)

========================================================================
Received Prepare
Registering precompiled user dll's ...
Registered in 0,001511 seconds.
Begin MonoManager ReloadAssembly
Native extension for LinuxStandalone target not found
Native extension for WindowsStandalone target not found
Native extension for WebGL target not found
Refreshing native plugins compatible for Editor in 0,84 ms, found 2 plugins.
Preloading 0 native plugins for Editor in 0,00 ms.
Invoked RoslynAnalysisRunner static constructor.
RoslynAnalysisRunner will not be running.
RoslynAnalysisRunner has terminated.
Mono: successfully reloaded assembly
- Completed reload, in  1,000 seconds
Platform modules already initialized, skipping
Refreshing native plugins compatible for Editor in 0,47 ms, found 2 plugins.
Preloading 0 native plugins for Editor in 0,00 ms.
Unloading 1938 Unused Serialized files (Serialized files now loaded: 0)
System memory in use before: 85,6 MB.
System memory in use after: 85,6 MB.

Unloading 19 unused Assets to reduce memory usage. Loaded Objects now: 2408.
Total: 8,494222 ms (FindLiveObjects: 0,756598 ms CreateObjectMapping: 0,387615 ms MarkObjects: 7,033287 ms  DeleteObjects: 0,310892 ms)

========================================================================
Received Prepare
Registering precompiled user dll's ...
Registered in 0,001720 seconds.
Begin MonoManager ReloadAssembly
Native extension for LinuxStandalone target not found
Native extension for WindowsStandalone target not found
Native extension for WebGL target not found
Refreshing native plugins compatible for Editor in 0,48 ms, found 2 plugins.
Preloading 0 native plugins for Editor in 0,00 ms.
Invoked RoslynAnalysisRunner static constructor.
RoslynAnalysisRunner will not be running.
RoslynAnalysisRunner has terminated.
Mono: successfully reloaded assembly
- Completed reload, in  1,032 seconds
Platform modules already initialized, skipping
Refreshing native plugins compatible for Editor in 0,52 ms, found 2 plugins.
Preloading 0 native plugins for Editor in 0,00 ms.
Unloading 1938 Unused Serialized files (Serialized files now loaded: 0)
System memory in use before: 85,8 MB.
System memory in use after: 85,8 MB.

Unloading 19 unused Assets to reduce memory usage. Loaded Objects now: 2411.
Total: 7,289239 ms (FindLiveObjects: 0,466148 ms CreateObjectMapping: 0,260350 ms MarkObjects: 6,286080 ms  DeleteObjects: 0,272878 ms)

========================================================================
Received Prepare
Registering precompiled user dll's ...
Registered in 0,001710 seconds.
Begin MonoManager ReloadAssembly
Native extension for LinuxStandalone target not found
Native extension for WindowsStandalone target not found
Native extension for WebGL target not found
Refreshing native plugins compatible for Editor in 0,76 ms, found 2 plugins.
Preloading 0 native plugins for Editor in 0,00 ms.
Invoked RoslynAnalysisRunner static constructor.
RoslynAnalysisRunner will not be running.
RoslynAnalysisRunner has terminated.
Mono: successfully reloaded assembly
- Completed reload, in  1,041 seconds
Platform modules already initialized, skipping
Refreshing native plugins compatible for Editor in 0,75 ms, found 2 plugins.
Preloading 0 native plugins for Editor in 0,00 ms.
Unloading 1938 Unused Serialized files (Serialized files now loaded: 0)
System memory in use before: 86,1 MB.
System memory in use after: 86,1 MB.

Unloading 19 unused Assets to reduce memory usage. Loaded Objects now: 2414.
Total: 3,978354 ms (FindLiveObjects: 0,421385 ms CreateObjectMapping: 0,182012 ms MarkObjects: 3,178073 ms  DeleteObjects: 0,195219 ms)

========================================================================
Received Prepare
Registering precompiled user dll's ...
Registered in 0,001587 seconds.
Begin MonoManager ReloadAssembly
Native extension for LinuxStandalone target not found
Native extension for WindowsStandalone target not found
Native extension for WebGL target not found
Refreshing native plugins compatible for Editor in 0,54 ms, found 2 plugins.
Preloading 0 native plugins for Editor in 0,00 ms.
Invoked RoslynAnalysisRunner static constructor.
RoslynAnalysisRunner will not be running.
RoslynAnalysisRunner has terminated.
Mono: successfully reloaded assembly
- Completed reload, in  1,146 seconds
Platform modules already initialized, skipping
Refreshing native plugins compatible for Editor in 0,77 ms, found 2 plugins.
Preloading 0 native plugins for Editor in 0,00 ms.
Unloading 1938 Unused Serialized files (Serialized files now loaded: 0)
System memory in use before: 86,3 MB.
System memory in use after: 86,3 MB.

Unloading 19 unused Assets to reduce memory usage. Loaded Objects now: 2417.
Total: 4,440011 ms (FindLiveObjects: 0,415058 ms CreateObjectMapping: 0,180030 ms MarkObjects: 3,630686 ms  DeleteObjects: 0,211998 ms)

========================================================================
Received Prepare
Registering precompiled user dll's ...
Registered in 0,002202 seconds.
Begin MonoManager ReloadAssembly
Native extension for LinuxStandalone target not found
Native extension for WindowsStandalone target not found
Native extension for WebGL target not found
Refreshing native plugins compatible for Editor in 0,49 ms, found 2 plugins.
Preloading 0 native plugins for Editor in 0,00 ms.
Invoked RoslynAnalysisRunner static constructor.
RoslynAnalysisRunner will not be running.
RoslynAnalysisRunner has terminated.
Mono: successfully reloaded assembly
- Completed reload, in  0,974 seconds
Platform modules already initialized, skipping
Refreshing native plugins compatible for Editor in 0,48 ms, found 2 plugins.
Preloading 0 native plugins for Editor in 0,00 ms.
Unloading 1938 Unused Serialized files (Serialized files now loaded: 0)
System memory in use before: 85,5 MB.
System memory in use after: 85,5 MB.

Unloading 19 unused Assets to reduce memory usage. Loaded Objects now: 2420.
Total: 3,066470 ms (FindLiveObjects: 0,312149 ms CreateObjectMapping: 0,096143 ms MarkObjects: 2,494593 ms  DeleteObjects: 0,160055 ms)

========================================================================
Received Prepare
Registering precompiled user dll's ...
Registered in 0,002143 seconds.
Begin MonoManager ReloadAssembly
Native extension for LinuxStandalone target not found
Native extension for WindowsStandalone target not found
Native extension for WebGL target not found
Refreshing native plugins compatible for Editor in 0,48 ms, found 2 plugins.
Preloading 0 native plugins for Editor in 0,00 ms.
Invoked RoslynAnalysisRunner static constructor.
RoslynAnalysisRunner will not be running.
RoslynAnalysisRunner has terminated.
Mono: successfully reloaded assembly
- Completed reload, in  1,068 seconds
Platform modules already initialized, skipping
Refreshing native plugins compatible for Editor in 0,52 ms, found 2 plugins.
Preloading 0 native plugins for Editor in 0,00 ms.
Unloading 1938 Unused Serialized files (Serialized files now loaded: 0)
System memory in use before: 85,8 MB.
System memory in use after: 85,7 MB.

Unloading 19 unused Assets to reduce memory usage. Loaded Objects now: 2423.
Total: 3,123700 ms (FindLiveObjects: 0,331975 ms CreateObjectMapping: 0,122540 ms MarkObjects: 2,512276 ms  DeleteObjects: 0,155280 ms)

========================================================================
Received Prepare
Registering precompiled user dll's ...
Registered in 0,002030 seconds.
Begin MonoManager ReloadAssembly
Native extension for LinuxStandalone target not found
Native extension for WindowsStandalone target not found
Native extension for WebGL target not found
Refreshing native plugins compatible for Editor in 0,51 ms, found 2 plugins.
Preloading 0 native plugins for Editor in 0,00 ms.
Invoked RoslynAnalysisRunner static constructor.
RoslynAnalysisRunner will not be running.
RoslynAnalysisRunner has terminated.
Mono: successfully reloaded assembly
- Completed reload, in  1,196 seconds
Platform modules already initialized, skipping
Refreshing native plugins compatible for Editor in 0,57 ms, found 2 plugins.
Preloading 0 native plugins for Editor in 0,00 ms.
Unloading 1938 Unused Serialized files (Serialized files now loaded: 0)
System memory in use before: 86,0 MB.
System memory in use after: 86,0 MB.

Unloading 19 unused Assets to reduce memory usage. Loaded Objects now: 2426.
Total: 3,729725 ms (FindLiveObjects: 0,360811 ms CreateObjectMapping: 0,170916 ms MarkObjects: 3,017514 ms  DeleteObjects: 0,177322 ms)

========================================================================
Received Prepare
Registering precompiled user dll's ...
Registered in 0,002095 seconds.
Begin MonoManager ReloadAssembly
Native extension for LinuxStandalone target not found
Native extension for WindowsStandalone target not found
Native extension for WebGL target not found
Refreshing native plugins compatible for Editor in 0,49 ms, found 2 plugins.
Preloading 0 native plugins for Editor in 0,00 ms.
Invoked RoslynAnalysisRunner static constructor.
RoslynAnalysisRunner will not be running.
RoslynAnalysisRunner has terminated.
Mono: successfully reloaded assembly
- Completed reload, in  1,069 seconds
Platform modules already initialized, skipping
Refreshing native plugins compatible for Editor in 0,49 ms, found 2 plugins.
Preloading 0 native plugins for Editor in 0,00 ms.
Unloading 1938 Unused Serialized files (Serialized files now loaded: 0)
System memory in use before: 86,2 MB.
System memory in use after: 86,2 MB.

Unloading 19 unused Assets to reduce memory usage. Loaded Objects now: 2429.
Total: 4,249172 ms (FindLiveObjects: 0,387269 ms CreateObjectMapping: 0,158643 ms MarkObjects: 3,484101 ms  DeleteObjects: 0,216840 ms)

========================================================================
Received Prepare
Registering precompiled user dll's ...
Registered in 0,002129 seconds.
Begin MonoManager ReloadAssembly
Native extension for LinuxStandalone target not found
Native extension for WindowsStandalone target not found
Native extension for WebGL target not found
Refreshing native plugins compatible for Editor in 0,62 ms, found 2 plugins.
Preloading 0 native plugins for Editor in 0,00 ms.
Invoked RoslynAnalysisRunner static constructor.
RoslynAnalysisRunner will not be running.
RoslynAnalysisRunner has terminated.
Mono: successfully reloaded assembly
- Completed reload, in  1,205 seconds
Platform modules already initialized, skipping
Refreshing native plugins compatible for Editor in 0,53 ms, found 2 plugins.
Preloading 0 native plugins for Editor in 0,00 ms.
Unloading 1938 Unused Serialized files (Serialized files now loaded: 0)
System memory in use before: 86,3 MB.
System memory in use after: 86,3 MB.

Unloading 19 unused Assets to reduce memory usage. Loaded Objects now: 2432.
Total: 6,646479 ms (FindLiveObjects: 1,438181 ms CreateObjectMapping: 0,230066 ms MarkObjects: 4,665029 ms  DeleteObjects: 0,309136 ms)

========================================================================
Received Prepare
Registering precompiled user dll's ...
Registered in 0,002766 seconds.
Begin MonoManager ReloadAssembly
Native extension for LinuxStandalone target not found
Native extension for WindowsStandalone target not found
Native extension for WebGL target not found
Refreshing native plugins compatible for Editor in 0,49 ms, found 2 plugins.
Preloading 0 native plugins for Editor in 0,00 ms.
Invoked RoslynAnalysisRunner static constructor.
RoslynAnalysisRunner will not be running.
RoslynAnalysisRunner has terminated.
Mono: successfully reloaded assembly
- Completed reload, in  0,974 seconds
Platform modules already initialized, skipping
Refreshing native plugins compatible for Editor in 0,47 ms, found 2 plugins.
Preloading 0 native plugins for Editor in 0,00 ms.
Unloading 1938 Unused Serialized files (Serialized files now loaded: 0)
System memory in use before: 85,7 MB.
System memory in use after: 85,7 MB.

Unloading 19 unused Assets to reduce memory usage. Loaded Objects now: 2435.
Total: 4,318551 ms (FindLiveObjects: 0,258411 ms CreateObjectMapping: 0,094254 ms MarkObjects: 3,786959 ms  DeleteObjects: 0,176252 ms)

========================================================================
Received Prepare
Registering precompiled user dll's ...
Registered in 0,001711 seconds.
Begin MonoManager ReloadAssembly
Native extension for LinuxStandalone target not found
Native extension for WindowsStandalone target not found
Native extension for WebGL target not found
Refreshing native plugins compatible for Editor in 0,63 ms, found 2 plugins.
Preloading 0 native plugins for Editor in 0,00 ms.
Invoked RoslynAnalysisRunner static constructor.
RoslynAnalysisRunner will not be running.
RoslynAnalysisRunner has terminated.
Mono: successfully reloaded assembly
- Completed reload, in  1,218 seconds
Platform modules already initialized, skipping
Refreshing native plugins compatible for Editor in 0,53 ms, found 2 plugins.
Preloading 0 native plugins for Editor in 0,00 ms.
Unloading 1938 Unused Serialized files (Serialized files now loaded: 0)
System memory in use before: 85,9 MB.
System memory in use after: 85,9 MB.

Unloading 19 unused Assets to reduce memory usage. Loaded Objects now: 2438.
Total: 3,052369 ms (FindLiveObjects: 0,255839 ms CreateObjectMapping: 0,089757 ms MarkObjects: 2,531597 ms  DeleteObjects: 0,172798 ms)

========================================================================
Received Prepare
Registering precompiled user dll's ...
Registered in 0,001631 seconds.
Begin MonoManager ReloadAssembly
Native extension for LinuxStandalone target not found
Native extension for WindowsStandalone target not found
Native extension for WebGL target not found
Refreshing native plugins compatible for Editor in 0,89 ms, found 2 plugins.
Preloading 0 native plugins for Editor in 0,00 ms.
Invoked RoslynAnalysisRunner static constructor.
RoslynAnalysisRunner will not be running.
RoslynAnalysisRunner has terminated.
Mono: successfully reloaded assembly
- Completed reload, in  1,195 seconds
Platform modules already initialized, skipping
Refreshing native plugins compatible for Editor in 0,59 ms, found 2 plugins.
Preloading 0 native plugins for Editor in 0,00 ms.
Unloading 1938 Unused Serialized files (Serialized files now loaded: 0)
System memory in use before: 86,1 MB.
System memory in use after: 86,1 MB.

Unloading 19 unused Assets to reduce memory usage. Loaded Objects now: 2441.
Total: 3,977088 ms (FindLiveObjects: 0,444700 ms CreateObjectMapping: 0,246283 ms MarkObjects: 3,054814 ms  DeleteObjects: 0,228866 ms)

========================================================================
Received Import Request.
  Time since last request: 4186,124803 seconds.
  path: Assets/2D Platformer Enemy Behaviours/Animations/frog_jump.anim
  artifactKey: Guid(e532df55b6bf6cd53a4e9f88fce30b85) Importer(815301076,1909f56bfc062723c751e8b465ee728b)
Start importing Assets/2D Platformer Enemy Behaviours/Animations/frog_jump.anim using Guid(e532df55b6bf6cd53a4e9f88fce30b85) Importer(815301076,1909f56bfc062723c751e8b465ee728b)  -> (artifact id: 'b133d260589274fbbe08684e310f95ed') in 0,012790 seconds
  Import took 0,017605 seconds .

========================================================================
Received Import Request.
  Time since last request: 0,034951 seconds.
  path: Assets/2D Platformer Enemy Behaviours/Animations/frog_jump.anim
  artifactKey: Guid(e532df55b6bf6cd53a4e9f88fce30b85) Importer(815301076,1909f56bfc062723c751e8b465ee728b)
Start importing Assets/2D Platformer Enemy Behaviours/Animations/frog_jump.anim using Guid(e532df55b6bf6cd53a4e9f88fce30b85) Importer(815301076,1909f56bfc062723c751e8b465ee728b)  -> (artifact id: 'b133d260589274fbbe08684e310f95ed') in 0,002571 seconds
  Import took 0,010266 seconds .

========================================================================
Received Prepare
Registering precompiled user dll's ...
Registered in 0,001828 seconds.
Begin MonoManager ReloadAssembly
Native extension for LinuxStandalone target not found
Native extension for WindowsStandalone target not found
Native extension for WebGL target not found
Refreshing native plugins compatible for Editor in 0,63 ms, found 2 plugins.
Preloading 0 native plugins for Editor in 0,00 ms.
Invoked RoslynAnalysisRunner static constructor.
RoslynAnalysisRunner will not be running.
RoslynAnalysisRunner has terminated.
Mono: successfully reloaded assembly
- Completed reload, in  0,998 seconds
Platform modules already initialized, skipping
Refreshing native plugins compatible for Editor in 1,03 ms, found 2 plugins.
Preloading 0 native plugins for Editor in 0,00 ms.
Unloading 1938 Unused Serialized files (Serialized files now loaded: 0)
System memory in use before: 86,3 MB.
System memory in use after: 86,3 MB.

Unloading 19 unused Assets to reduce memory usage. Loaded Objects now: 2444.
Total: 4,374244 ms (FindLiveObjects: 0,396466 ms CreateObjectMapping: 0,174300 ms MarkObjects: 3,575994 ms  DeleteObjects: 0,225022 ms)

========================================================================
Received Prepare
Registering precompiled user dll's ...
Registered in 0,001521 seconds.
Begin MonoManager ReloadAssembly
Native extension for LinuxStandalone target not found
Native extension for WindowsStandalone target not found
Native extension for WebGL target not found
Refreshing native plugins compatible for Editor in 0,48 ms, found 2 plugins.
Preloading 0 native plugins for Editor in 0,00 ms.
Invoked RoslynAnalysisRunner static constructor.
RoslynAnalysisRunner will not be running.
RoslynAnalysisRunner has terminated.
Mono: successfully reloaded assembly
- Completed reload, in  1,061 seconds
Platform modules already initialized, skipping
Refreshing native plugins compatible for Editor in 0,48 ms, found 2 plugins.
Preloading 0 native plugins for Editor in 0,00 ms.
Unloading 1938 Unused Serialized files (Serialized files now loaded: 0)
System memory in use before: 85,6 MB.
System memory in use after: 85,6 MB.

Unloading 19 unused Assets to reduce memory usage. Loaded Objects now: 2447.
Total: 9,055039 ms (FindLiveObjects: 1,136239 ms CreateObjectMapping: 0,456388 ms MarkObjects: 7,131286 ms  DeleteObjects: 0,325891 ms)

========================================================================
Received Prepare
Registering precompiled user dll's ...
Registered in 0,002186 seconds.
Begin MonoManager ReloadAssembly
Native extension for LinuxStandalone target not found
Native extension for WindowsStandalone target not found
Native extension for WebGL target not found
Refreshing native plugins compatible for Editor in 0,49 ms, found 2 plugins.
Preloading 0 native plugins for Editor in 0,00 ms.
Invoked RoslynAnalysisRunner static constructor.
RoslynAnalysisRunner will not be running.
RoslynAnalysisRunner has terminated.
Mono: successfully reloaded assembly
- Completed reload, in  1,168 seconds
Platform modules already initialized, skipping
Refreshing native plugins compatible for Editor in 0,50 ms, found 2 plugins.
Preloading 0 native plugins for Editor in 0,00 ms.
Unloading 1938 Unused Serialized files (Serialized files now loaded: 0)
System memory in use before: 85,8 MB.
System memory in use after: 85,8 MB.

Unloading 19 unused Assets to reduce memory usage. Loaded Objects now: 2450.
Total: 3,413256 ms (FindLiveObjects: 0,404525 ms CreateObjectMapping: 0,169459 ms MarkObjects: 2,656087 ms  DeleteObjects: 0,180860 ms)

========================================================================
Received Prepare
Registering precompiled user dll's ...
Registered in 0,002704 seconds.
Begin MonoManager ReloadAssembly
Native extension for LinuxStandalone target not found
Native extension for WindowsStandalone target not found
Native extension for WebGL target not found
Refreshing native plugins compatible for Editor in 0,94 ms, found 2 plugins.
Preloading 0 native plugins for Editor in 0,00 ms.
Invoked RoslynAnalysisRunner static constructor.
RoslynAnalysisRunner will not be running.
RoslynAnalysisRunner has terminated.
Mono: successfully reloaded assembly
- Completed reload, in  1,314 seconds
Platform modules already initialized, skipping
Refreshing native plugins compatible for Editor in 0,85 ms, found 2 plugins.
Preloading 0 native plugins for Editor in 0,00 ms.
Unloading 1938 Unused Serialized files (Serialized files now loaded: 0)
System memory in use before: 86,1 MB.
System memory in use after: 86,0 MB.

Unloading 19 unused Assets to reduce memory usage. Loaded Objects now: 2453.
Total: 4,396453 ms (FindLiveObjects: 0,635340 ms CreateObjectMapping: 0,267211 ms MarkObjects: 3,253865 ms  DeleteObjects: 0,235204 ms)

========================================================================
Received Prepare
Registering precompiled user dll's ...
Registered in 0,001485 seconds.
Begin MonoManager ReloadAssembly
Native extension for LinuxStandalone target not found
Native extension for WindowsStandalone target not found
Native extension for WebGL target not found
Refreshing native plugins compatible for Editor in 0,53 ms, found 2 plugins.
Preloading 0 native plugins for Editor in 0,00 ms.
Invoked RoslynAnalysisRunner static constructor.
RoslynAnalysisRunner will not be running.
RoslynAnalysisRunner has terminated.
Mono: successfully reloaded assembly
- Completed reload, in  0,982 seconds
Platform modules already initialized, skipping
Refreshing native plugins compatible for Editor in 0,49 ms, found 2 plugins.
Preloading 0 native plugins for Editor in 0,00 ms.
Unloading 1938 Unused Serialized files (Serialized files now loaded: 0)
System memory in use before: 86,3 MB.
System memory in use after: 86,3 MB.

Unloading 19 unused Assets to reduce memory usage. Loaded Objects now: 2456.
Total: 3,455134 ms (FindLiveObjects: 0,407645 ms CreateObjectMapping: 0,146014 ms MarkObjects: 2,707870 ms  DeleteObjects: 0,191772 ms)

========================================================================
Received Prepare
Registering precompiled user dll's ...
Registered in 0,002237 seconds.
Begin MonoManager ReloadAssembly
Native extension for LinuxStandalone target not found
Native extension for WindowsStandalone target not found
Native extension for WebGL target not found
Refreshing native plugins compatible for Editor in 0,50 ms, found 2 plugins.
Preloading 0 native plugins for Editor in 0,00 ms.
Invoked RoslynAnalysisRunner static constructor.
RoslynAnalysisRunner will not be running.
RoslynAnalysisRunner has terminated.
Mono: successfully reloaded assembly
- Completed reload, in  1,106 seconds
Platform modules already initialized, skipping
Refreshing native plugins compatible for Editor in 0,56 ms, found 2 plugins.
Preloading 0 native plugins for Editor in 0,00 ms.
Unloading 1938 Unused Serialized files (Serialized files now loaded: 0)
System memory in use before: 86,4 MB.
System memory in use after: 86,4 MB.

Unloading 19 unused Assets to reduce memory usage. Loaded Objects now: 2459.
Total: 4,172392 ms (FindLiveObjects: 0,489344 ms CreateObjectMapping: 0,216625 ms MarkObjects: 3,286360 ms  DeleteObjects: 0,176449 ms)

========================================================================
Received Prepare
Registering precompiled user dll's ...
Registered in 0,003656 seconds.
Begin MonoManager ReloadAssembly
Native extension for LinuxStandalone target not found
Native extension for WindowsStandalone target not found
Native extension for WebGL target not found
Refreshing native plugins compatible for Editor in 0,51 ms, found 2 plugins.
Preloading 0 native plugins for Editor in 0,00 ms.
Invoked RoslynAnalysisRunner static constructor.
RoslynAnalysisRunner will not be running.
RoslynAnalysisRunner has terminated.
Mono: successfully reloaded assembly
- Completed reload, in  1,000 seconds
Platform modules already initialized, skipping
Refreshing native plugins compatible for Editor in 0,76 ms, found 2 plugins.
Preloading 0 native plugins for Editor in 0,00 ms.
Unloading 1938 Unused Serialized files (Serialized files now loaded: 0)
System memory in use before: 85,7 MB.
System memory in use after: 85,7 MB.

Unloading 19 unused Assets to reduce memory usage. Loaded Objects now: 2462.
Total: 4,739980 ms (FindLiveObjects: 0,447394 ms CreateObjectMapping: 0,186378 ms MarkObjects: 3,878740 ms  DeleteObjects: 0,224868 ms)

========================================================================
Received Prepare
Registering precompiled user dll's ...
Registered in 0,001640 seconds.
Begin MonoManager ReloadAssembly
Native extension for LinuxStandalone target not found
Native extension for WindowsStandalone target not found
Native extension for WebGL target not found
Refreshing native plugins compatible for Editor in 1,05 ms, found 2 plugins.
Preloading 0 native plugins for Editor in 0,00 ms.
Invoked RoslynAnalysisRunner static constructor.
RoslynAnalysisRunner will not be running.
RoslynAnalysisRunner has terminated.
Mono: successfully reloaded assembly
- Completed reload, in  1,331 seconds
Platform modules already initialized, skipping
Refreshing native plugins compatible for Editor in 0,52 ms, found 2 plugins.
Preloading 0 native plugins for Editor in 0,00 ms.
Unloading 1938 Unused Serialized files (Serialized files now loaded: 0)
System memory in use before: 86,0 MB.
System memory in use after: 86,0 MB.

Unloading 19 unused Assets to reduce memory usage. Loaded Objects now: 2465.
Total: 3,330936 ms (FindLiveObjects: 0,347159 ms CreateObjectMapping: 0,127527 ms MarkObjects: 2,675885 ms  DeleteObjects: 0,178470 ms)

========================================================================
Received Prepare
Registering precompiled user dll's ...
Registered in 0,001612 seconds.
Begin MonoManager ReloadAssembly
Native extension for LinuxStandalone target not found
Native extension for WindowsStandalone target not found
Native extension for WebGL target not found
Refreshing native plugins compatible for Editor in 0,52 ms, found 2 plugins.
Preloading 0 native plugins for Editor in 0,00 ms.
Invoked RoslynAnalysisRunner static constructor.
RoslynAnalysisRunner will not be running.
RoslynAnalysisRunner has terminated.
Mono: successfully reloaded assembly
- Completed reload, in  1,100 seconds
Platform modules already initialized, skipping
Refreshing native plugins compatible for Editor in 0,77 ms, found 2 plugins.
Preloading 0 native plugins for Editor in 0,00 ms.
Unloading 1938 Unused Serialized files (Serialized files now loaded: 0)
System memory in use before: 86,2 MB.
System memory in use after: 86,2 MB.

Unloading 19 unused Assets to reduce memory usage. Loaded Objects now: 2468.
Total: 5,363266 ms (FindLiveObjects: 0,369667 ms CreateObjectMapping: 0,314238 ms MarkObjects: 4,344966 ms  DeleteObjects: 0,332084 ms)

========================================================================
Received Prepare
Registering precompiled user dll's ...
Registered in 0,001761 seconds.
Begin MonoManager ReloadAssembly
Native extension for LinuxStandalone target not found
Native extension for WindowsStandalone target not found
Native extension for WebGL target not found
Refreshing native plugins compatible for Editor in 0,51 ms, found 2 plugins.
Preloading 0 native plugins for Editor in 0,00 ms.
Invoked RoslynAnalysisRunner static constructor.
RoslynAnalysisRunner will not be running.
RoslynAnalysisRunner has terminated.
Mono: successfully reloaded assembly
- Completed reload, in  1,324 seconds
Platform modules already initialized, skipping
Refreshing native plugins compatible for Editor in 0,55 ms, found 2 plugins.
Preloading 0 native plugins for Editor in 0,00 ms.
Unloading 1938 Unused Serialized files (Serialized files now loaded: 0)
System memory in use before: 86,4 MB.
System memory in use after: 86,4 MB.

Unloading 19 unused Assets to reduce memory usage. Loaded Objects now: 2471.
Total: 4,290889 ms (FindLiveObjects: 0,428039 ms CreateObjectMapping: 0,199961 ms MarkObjects: 3,435165 ms  DeleteObjects: 0,224807 ms)

AssetImportWorkerClient::OnTransportError - code=2 error=End of file
