Using pre-set license
Desktop is 1920 x 1080 @ 60 Hz

 COMMAND LINE ARGUMENTS:
Unity
-adb2
-batchMode
-noUpm
-name
AssetImportWorker0
-projectPath
/home/bohdan/2D Platformer Enemy Behaviours
-logFile
Logs/AssetImportWorker0.log
-srvPort
33881
Successfully changed project path to: /home/bohdan/2D Platformer Enemy Behaviours
/home/bohdan/2D Platformer Enemy Behaviours
Using Asset Import Pipeline V2.
Refreshing native plugins compatible for Editor in 61,27 ms, found 2 plugins.
Preloading 0 native plugins for Editor in 0,00 ms.
Initialize engine version: 2020.2.1f1 (270dd8c3da1c)
[Subsystems] Discovering subsystems at path /home/bohdan/Unity/Hub/Editor/2020.2.1f1/Editor/Data/Resources/UnitySubsystems
[Subsystems] Discovering subsystems at path /home/bohdan/2D Platformer Enemy Behaviours/Assets
GLX Extensions: GLX_ARB_create_context GLX_ARB_create_context_no_error GLX_ARB_create_context_profile GLX_ARB_create_context_robustness GLX_ARB_fbconfig_float GLX_ARB_framebuffer_sRGB GLX_ARB_get_proc_address GLX_ARB_multisample GLX_EXT_buffer_age GLX_EXT_create_context_es2_profile GLX_EXT_create_context_es_profile GLX_EXT_fbconfig_packed_float GLX_EXT_framebuffer_sRGB GLX_EXT_import_context GLX_EXT_texture_from_pixmap GLX_EXT_visual_info GLX_EXT_visual_rating GLX_INTEL_swap_event GLX_MESA_copy_sub_buffer GLX_MESA_query_renderer GLX_MESA_swap_control GLX_OML_swap_method GLX_OML_sync_control GLX_SGIS_multisample GLX_SGIX_fbconfig GLX_SGIX_pbuffer GLX_SGIX_visual_select_group GLX_SGI_make_current_read GLX_SGI_swap_control GLX_SGI_video_sync 
Renderer: Mesa Intel(R) HD Graphics 620 (KBL GT2)
Vendor:   Intel
Version:  4.6 (Core Profile) Mesa 20.2.6
GLES:     0
 GL_3DFX_texture_compression_FXT1 GL_AMD_conservative_depth GL_AMD_depth_clamp_separate GL_AMD_draw_buffers_blend GL_AMD_gpu_shader_int64 GL_AMD_multi_draw_indirect GL_AMD_performance_monitor GL_AMD_pinned_memory GL_AMD_query_buffer_object GL_AMD_seamless_cubemap_per_texture GL_AMD_shader_stencil_export GL_AMD_shader_trinary_minmax GL_AMD_texture_texture4 GL_AMD_vertex_shader_layer GL_AMD_vertex_shader_viewport_index GL_ANGLE_texture_compression_dxt3 GL_ANGLE_texture_compression_dxt5 GL_ARB_ES2_compatibility GL_ARB_ES3_1_compatibility GL_ARB_ES3_2_compatibility GL_ARB_ES3_compatibility GL_ARB_arrays_of_arrays GL_ARB_base_instance GL_ARB_blend_func_extended GL_ARB_buffer_storage GL_ARB_clear_buffer_object GL_ARB_clear_texture GL_ARB_clip_control GL_ARB_compressed_texture_pixel_storage GL_ARB_compute_shader GL_ARB_compute_variable_group_size GL_ARB_conditional_render_inverted GL_ARB_conservative_depth GL_ARB_copy_buffer GL_ARB_copy_image GL_ARB_cull_distance GL_ARB_debug_output GL_ARB_depth_buffer_float GL_ARB
_depth_clamp GL_ARB_derivative_control GL_ARB_direct_state_access GL_ARB_draw_buffers GL_ARB_draw_buffers_blend GL_ARB_draw_elements_base_vertex GL_ARB_draw_indirect GL_ARB_draw_instanced GL_ARB_enhanced_layouts GL_ARB_explicit_attrib_location GL_ARB_explicit_uniform_location GL_ARB_fragment_coord_conventions GL_ARB_fragment_layer_viewport GL_ARB_fragment_shader GL_ARB_fragment_shader_interlock GL_ARB_framebuffer_no_attachments GL_ARB_framebuffer_object GL_ARB_framebuffer_sRGB GL_ARB_get_program_binary GL_ARB_get_texture_sub_image GL_ARB_gl_spirv GL_ARB_gpu_shader5 GL_ARB_gpu_shader_fp64 GL_ARB_gpu_shader_int64 GL_ARB_half_float_pixel GL_ARB_half_float_vertex GL_ARB_indirect_parameters GL_ARB_instanced_arrays GL_ARB_internalformat_query GL_ARB_internalformat_query2 GL_ARB_invalidate_subdata GL_ARB_map_buffer_alignment GL_ARB_map_buffer_range GL_ARB_multi_bind GL_ARB_multi_draw_indirect GL_ARB_occlusion_query2 GL_ARB_parallel_shader_compile GL_ARB_pipeline_statistics_query GL_ARB_pixel_buffer_object GL_ARB_po
int_sprite GL_ARB_polygon_offset_clamp GL_ARB_post_depth_coverage GL_ARB_program_interface_query GL_ARB_provoking_vertex GL_ARB_query_buffer_object GL_ARB_robust_buffer_access_behavior GL_ARB_robustness GL_ARB_sample_shading GL_ARB_sampler_objects GL_ARB_seamless_cube_map GL_ARB_seamless_cubemap_per_texture GL_ARB_separate_shader_objects GL_ARB_shader_atomic_counter_ops GL_ARB_shader_atomic_counters GL_ARB_shader_ballot GL_ARB_shader_bit_encoding GL_ARB_shader_clock GL_ARB_shader_draw_parameters GL_ARB_shader_group_vote GL_ARB_shader_image_load_store GL_ARB_shader_image_size GL_ARB_shader_objects GL_ARB_shader_precision GL_ARB_shader_stencil_export GL_ARB_shader_storage_buffer_object GL_ARB_shader_subroutine GL_ARB_shader_texture_image_samples GL_ARB_shader_texture_lod GL_ARB_shader_viewport_layer_array GL_ARB_shading_language_420pack GL_ARB_shading_language_include GL_ARB_shading_language_packing GL_ARB_spirv_extensions GL_ARB_stencil_texturing GL_ARB_sync GL_ARB_tessellation_shader GL_ARB_texture_barrier G
L_ARB_texture_buffer_object GL_ARB_texture_buffer_object_rgb32 GL_ARB_texture_buffer_range GL_ARB_texture_compression_bptc GL_ARB_texture_compression_rgtc GL_ARB_texture_cube_map_array GL_ARB_texture_filter_anisotropic GL_ARB_texture_float GL_ARB_texture_gather GL_ARB_texture_mirror_clamp_to_edge GL_ARB_texture_multisample GL_ARB_texture_non_power_of_two GL_ARB_texture_query_levels GL_ARB_texture_query_lod GL_ARB_texture_rectangle GL_ARB_texture_rg GL_ARB_texture_rgb10_a2ui GL_ARB_texture_stencil8 GL_ARB_texture_storage GL_ARB_texture_storage_multisample GL_ARB_texture_swizzle GL_ARB_texture_view GL_ARB_timer_query GL_ARB_transform_feedback2 GL_ARB_transform_feedback3 GL_ARB_transform_feedback_instanced GL_ARB_transform_feedback_overflow_query GL_ARB_uniform_buffer_object GL_ARB_vertex_array_bgra GL_ARB_vertex_array_object GL_ARB_vertex_attrib_64bit GL_ARB_vertex_attrib_binding GL_ARB_vertex_buffer_object GL_ARB_vertex_shader GL_ARB_vertex_type_10f_11f_11f_rev GL_ARB_vertex_type_2_10_10_10_rev GL_ARB_viewpor
t_array GL_ATI_blend_equation_separate GL_ATI_texture_float GL_EXT_EGL_image_storage GL_EXT_EGL_sync GL_EXT_abgr GL_EXT_blend_equation_separate GL_EXT_demote_to_helper_invocation GL_EXT_draw_buffers2 GL_EXT_draw_instanced GL_EXT_framebuffer_blit GL_EXT_framebuffer_multisample GL_EXT_framebuffer_multisample_blit_scaled GL_EXT_framebuffer_object GL_EXT_framebuffer_sRGB GL_EXT_packed_depth_stencil GL_EXT_packed_float GL_EXT_pixel_buffer_object GL_EXT_polygon_offset_clamp GL_EXT_provoking_vertex GL_EXT_shader_framebuffer_fetch GL_EXT_shader_framebuffer_fetch_non_coherent GL_EXT_shader_integer_mix GL_EXT_shader_samples_identical GL_EXT_texture_array GL_EXT_texture_compression_dxt1 GL_EXT_texture_compression_rgtc GL_EXT_texture_compression_s3tc GL_EXT_texture_filter_anisotropic GL_EXT_texture_integer GL_EXT_texture_sRGB GL_EXT_texture_sRGB_R8 GL_EXT_texture_sRGB_decode GL_EXT_texture_shadow_lod GL_EXT_texture_shared_exponent GL_EXT_texture_snorm GL_EXT_texture_swizzle GL_EXT_timer_query GL_EXT_transform_feedback G
L_EXT_vertex_array_bgra GL_EXT_vertex_attrib_64bit GL_IBM_multimode_draw_arrays GL_INTEL_blackhole_render GL_INTEL_conservative_rasterization GL_INTEL_performance_query GL_INTEL_shader_atomic_float_minmax GL_INTEL_shader_integer_functions2 GL_KHR_blend_equation_advanced GL_KHR_blend_equation_advanced_coherent GL_KHR_context_flush_control GL_KHR_debug GL_KHR_no_error GL_KHR_parallel_shader_compile GL_KHR_robust_buffer_access_behavior GL_KHR_robustness GL_KHR_texture_compression_astc_ldr GL_KHR_texture_compression_astc_sliced_3d GL_MESA_framebuffer_flip_y GL_MESA_pack_invert GL_MESA_shader_integer_functions GL_MESA_texture_signed_rgba GL_NV_compute_shader_derivatives GL_NV_conditional_render GL_NV_copy_image GL_NV_depth_clamp GL_NV_fragment_shader_interlock GL_NV_packed_depth_stencil GL_NV_texture_barrier GL_OES_EGL_image GL_S3_s3tc
OPENGL LOG: Creating OpenGL 4.6 graphics device ; Context level  <OpenGL 4.5> ; Context handle -892033728
Initialize mono
Mono path[0] = '/home/bohdan/Unity/Hub/Editor/2020.2.1f1/Editor/Data/Managed'
Mono path[1] = '/home/bohdan/Unity/Hub/Editor/2020.2.1f1/Editor/Data/MonoBleedingEdge/lib/mono/unityjit'
Mono config path = '/home/bohdan/Unity/Hub/Editor/2020.2.1f1/Editor/Data/MonoBleedingEdge/etc'
Using monoOptions --debugger-agent=transport=dt_socket,embedding=1,server=y,suspend=n,address=127.0.0.1:56159
Begin MonoManager ReloadAssembly
Registering precompiled unity dll's ...
Register platform support module: /home/bohdan/Unity/Hub/Editor/2020.2.1f1/Editor/Data/PlaybackEngines/WebGLSupport/UnityEditor.WebGL.Extensions.dll
Register platform support module: /home/bohdan/Unity/Hub/Editor/2020.2.1f1/Editor/Data/PlaybackEngines/WindowsStandaloneSupport/UnityEditor.WindowsStandalone.Extensions.dll
Register platform support module: /home/bohdan/Unity/Hub/Editor/2020.2.1f1/Editor/Data/PlaybackEngines/LinuxStandaloneSupport/UnityEditor.LinuxStandalone.Extensions.dll
Registered in 0,001932 seconds.
Native extension for LinuxStandalone target not found
Native extension for WindowsStandalone target not found
Native extension for WebGL target not found
Refreshing native plugins compatible for Editor in 51,30 ms, found 2 plugins.
Preloading 0 native plugins for Editor in 0,00 ms.
Invoked RoslynAnalysisRunner static constructor.
RoslynAnalysisRunner will not be running.
RoslynAnalysisRunner has terminated.
Mono: successfully reloaded assembly
- Completed reload, in  1,961 seconds
Platform modules already initialized, skipping
Registering precompiled user dll's ...
Registered in 0,001624 seconds.
Begin MonoManager ReloadAssembly
Native extension for LinuxStandalone target not found
Native extension for WindowsStandalone target not found
Native extension for WebGL target not found
Refreshing native plugins compatible for Editor in 56,68 ms, found 2 plugins.
Preloading 0 native plugins for Editor in 0,00 ms.
Invoked RoslynAnalysisRunner static constructor.
RoslynAnalysisRunner will not be running.
RoslynAnalysisRunner has terminated.
Mono: successfully reloaded assembly
- Completed reload, in  1,181 seconds
Platform modules already initialized, skipping
========================================================================
Worker process is ready to serve import requests
Launched and connected shader compiler UnityShaderCompiler after 0.02 seconds
Refreshing native plugins compatible for Editor in 0,55 ms, found 2 plugins.
Preloading 0 native plugins for Editor in 0,00 ms.
Unloading 1950 Unused Serialized files (Serialized files now loaded: 0)
System memory in use before: 83,6 MB.
System memory in use after: 83,6 MB.

Unloading 30 unused Assets to reduce memory usage. Loaded Objects now: 2387.
Total: 5,777378 ms (FindLiveObjects: 0,595592 ms CreateObjectMapping: 0,297550 ms MarkObjects: 4,430530 ms  DeleteObjects: 0,449403 ms)

========================================================================
Received Import Request.
  path: Assets/2D Platformer Enemy Behaviours/Animations/frog_jump.anim
  artifactKey: Guid(e532df55b6bf6cd53a4e9f88fce30b85) Importer(815301076,1909f56bfc062723c751e8b465ee728b)
Start importing Assets/2D Platformer Enemy Behaviours/Animations/frog_jump.anim using Guid(e532df55b6bf6cd53a4e9f88fce30b85) Importer(815301076,1909f56bfc062723c751e8b465ee728b)  -> (artifact id: 'd81ab5102588ea62d4f2d35f7ced861e') in 0,013681 seconds
  Import took 0,018440 seconds .

========================================================================
Received Import Request.
  Time since last request: 0,002188 seconds.
  path: Assets/2D Platformer Enemy Behaviours/Animations/frog_idle.anim
  artifactKey: Guid(c960f9b56ad9e55a6aa58cd2eb207657) Importer(815301076,1909f56bfc062723c751e8b465ee728b)
Start importing Assets/2D Platformer Enemy Behaviours/Animations/frog_idle.anim using Guid(c960f9b56ad9e55a6aa58cd2eb207657) Importer(815301076,1909f56bfc062723c751e8b465ee728b)  -> (artifact id: 'bfc6744e7b743ea3e79a960bd5976095') in 0,001913 seconds
  Import took 0,007293 seconds .

========================================================================
Received Import Request.
  Time since last request: 7,996290 seconds.
  path: Assets/2D Platformer Enemy Behaviours/Animations/frog_idle.anim
  artifactKey: Guid(c960f9b56ad9e55a6aa58cd2eb207657) Importer(815301076,1909f56bfc062723c751e8b465ee728b)
Start importing Assets/2D Platformer Enemy Behaviours/Animations/frog_idle.anim using Guid(c960f9b56ad9e55a6aa58cd2eb207657) Importer(815301076,1909f56bfc062723c751e8b465ee728b)  -> (artifact id: '232767807670b4fb4256d2413440bd81') in 0,001955 seconds
  Import took 0,005627 seconds .

========================================================================
Received Import Request.
  Time since last request: 3,251575 seconds.
  path: Assets/2D Platformer Enemy Behaviours/Animations/player_crouch.anim
  artifactKey: Guid(a7cbfe9824bb83b18967e38a4b18e7f8) Importer(815301076,1909f56bfc062723c751e8b465ee728b)
Start importing Assets/2D Platformer Enemy Behaviours/Animations/player_crouch.anim using Guid(a7cbfe9824bb83b18967e38a4b18e7f8) Importer(815301076,1909f56bfc062723c751e8b465ee728b)  -> (artifact id: '2078d6b7df6d8b2827b8aa1223897aea') in 0,005137 seconds
  Import took 0,018925 seconds .

========================================================================
Received Import Request.
  Time since last request: 0,002542 seconds.
  path: Assets/2D Platformer Enemy Behaviours/Animations/player_crouch.anim
  artifactKey: Guid(a7cbfe9824bb83b18967e38a4b18e7f8) Importer(815301076,1909f56bfc062723c751e8b465ee728b)
Start importing Assets/2D Platformer Enemy Behaviours/Animations/player_crouch.anim using Guid(a7cbfe9824bb83b18967e38a4b18e7f8) Importer(815301076,1909f56bfc062723c751e8b465ee728b)  -> (artifact id: '2078d6b7df6d8b2827b8aa1223897aea') in 0,001863 seconds
  Import took 0,019589 seconds .

========================================================================
Received Import Request.
  Time since last request: 19,551134 seconds.
  path: Assets/2D Platformer Enemy Behaviours/Animations/frog_jump.anim
  artifactKey: Guid(e532df55b6bf6cd53a4e9f88fce30b85) Importer(815301076,1909f56bfc062723c751e8b465ee728b)
Start importing Assets/2D Platformer Enemy Behaviours/Animations/frog_jump.anim using Guid(e532df55b6bf6cd53a4e9f88fce30b85) Importer(815301076,1909f56bfc062723c751e8b465ee728b)  -> (artifact id: 'ac1fec6b82d8a8449f9c82118608f057') in 0,002572 seconds
  Import took 0,006917 seconds .

========================================================================
Received Import Request.
  Time since last request: 0,009372 seconds.
  path: Assets/2D Platformer Enemy Behaviours/Animations/frog_jump.anim
  artifactKey: Guid(e532df55b6bf6cd53a4e9f88fce30b85) Importer(815301076,1909f56bfc062723c751e8b465ee728b)
Start importing Assets/2D Platformer Enemy Behaviours/Animations/frog_jump.anim using Guid(e532df55b6bf6cd53a4e9f88fce30b85) Importer(815301076,1909f56bfc062723c751e8b465ee728b)  -> (artifact id: 'ac1fec6b82d8a8449f9c82118608f057') in 0,001643 seconds
  Import took 0,007793 seconds .

========================================================================
Received Prepare
Registering precompiled user dll's ...
Registered in 0,002202 seconds.
Begin MonoManager ReloadAssembly
Native extension for LinuxStandalone target not found
Native extension for WindowsStandalone target not found
Native extension for WebGL target not found
Refreshing native plugins compatible for Editor in 0,47 ms, found 2 plugins.
Preloading 0 native plugins for Editor in 0,00 ms.
Invoked RoslynAnalysisRunner static constructor.
RoslynAnalysisRunner will not be running.
RoslynAnalysisRunner has terminated.
Mono: successfully reloaded assembly
- Completed reload, in  1,012 seconds
Platform modules already initialized, skipping
Refreshing native plugins compatible for Editor in 0,52 ms, found 2 plugins.
Preloading 0 native plugins for Editor in 0,00 ms.
Unloading 1938 Unused Serialized files (Serialized files now loaded: 0)
System memory in use before: 83,3 MB.
System memory in use after: 83,3 MB.

Unloading 19 unused Assets to reduce memory usage. Loaded Objects now: 2390.
Total: 3,171063 ms (FindLiveObjects: 0,254299 ms CreateObjectMapping: 0,123597 ms MarkObjects: 2,603936 ms  DeleteObjects: 0,187265 ms)

========================================================================
Received Prepare
Registering precompiled user dll's ...
Registered in 0,001681 seconds.
Begin MonoManager ReloadAssembly
Native extension for LinuxStandalone target not found
Native extension for WindowsStandalone target not found
Native extension for WebGL target not found
Refreshing native plugins compatible for Editor in 0,58 ms, found 2 plugins.
Preloading 0 native plugins for Editor in 0,00 ms.
Invoked RoslynAnalysisRunner static constructor.
RoslynAnalysisRunner will not be running.
RoslynAnalysisRunner has terminated.
Mono: successfully reloaded assembly
- Completed reload, in  1,172 seconds
Platform modules already initialized, skipping
Refreshing native plugins compatible for Editor in 0,68 ms, found 2 plugins.
Preloading 0 native plugins for Editor in 0,00 ms.
Unloading 1938 Unused Serialized files (Serialized files now loaded: 0)
System memory in use before: 83,5 MB.
System memory in use after: 83,5 MB.

Unloading 19 unused Assets to reduce memory usage. Loaded Objects now: 2393.
Total: 3,788957 ms (FindLiveObjects: 0,421671 ms CreateObjectMapping: 0,176054 ms MarkObjects: 3,014881 ms  DeleteObjects: 0,172774 ms)

========================================================================
Received Prepare
Registering precompiled user dll's ...
Registered in 0,001679 seconds.
Begin MonoManager ReloadAssembly
Native extension for LinuxStandalone target not found
Native extension for WindowsStandalone target not found
Native extension for WebGL target not found
Refreshing native plugins compatible for Editor in 0,81 ms, found 2 plugins.
Preloading 0 native plugins for Editor in 0,00 ms.
Invoked RoslynAnalysisRunner static constructor.
RoslynAnalysisRunner will not be running.
RoslynAnalysisRunner has terminated.
Mono: successfully reloaded assembly
- Completed reload, in  1,457 seconds
Platform modules already initialized, skipping
Refreshing native plugins compatible for Editor in 0,56 ms, found 2 plugins.
Preloading 0 native plugins for Editor in 0,00 ms.
Unloading 1938 Unused Serialized files (Serialized files now loaded: 0)
System memory in use before: 83,8 MB.
System memory in use after: 83,8 MB.

Unloading 19 unused Assets to reduce memory usage. Loaded Objects now: 2396.
Total: 4,091414 ms (FindLiveObjects: 0,402773 ms CreateObjectMapping: 0,162449 ms MarkObjects: 3,279257 ms  DeleteObjects: 0,244318 ms)

========================================================================
Received Prepare
Registering precompiled user dll's ...
Registered in 0,001665 seconds.
Begin MonoManager ReloadAssembly
Native extension for LinuxStandalone target not found
Native extension for WindowsStandalone target not found
Native extension for WebGL target not found
Refreshing native plugins compatible for Editor in 0,49 ms, found 2 plugins.
Preloading 0 native plugins for Editor in 0,00 ms.
Invoked RoslynAnalysisRunner static constructor.
RoslynAnalysisRunner will not be running.
RoslynAnalysisRunner has terminated.
Mono: successfully reloaded assembly
- Completed reload, in  0,995 seconds
Platform modules already initialized, skipping
Refreshing native plugins compatible for Editor in 0,72 ms, found 2 plugins.
Preloading 0 native plugins for Editor in 0,00 ms.
Unloading 1938 Unused Serialized files (Serialized files now loaded: 0)
System memory in use before: 83,9 MB.
System memory in use after: 83,9 MB.

Unloading 19 unused Assets to reduce memory usage. Loaded Objects now: 2399.
Total: 3,171959 ms (FindLiveObjects: 0,239137 ms CreateObjectMapping: 0,095774 ms MarkObjects: 2,687701 ms  DeleteObjects: 0,147394 ms)

========================================================================
Received Prepare
Registering precompiled user dll's ...
Registered in 0,001557 seconds.
Begin MonoManager ReloadAssembly
Native extension for LinuxStandalone target not found
Native extension for WindowsStandalone target not found
Native extension for WebGL target not found
Refreshing native plugins compatible for Editor in 0,48 ms, found 2 plugins.
Preloading 0 native plugins for Editor in 0,00 ms.
Invoked RoslynAnalysisRunner static constructor.
RoslynAnalysisRunner will not be running.
RoslynAnalysisRunner has terminated.
Mono: successfully reloaded assembly
- Completed reload, in  0,933 seconds
Platform modules already initialized, skipping
Refreshing native plugins compatible for Editor in 0,51 ms, found 2 plugins.
Preloading 0 native plugins for Editor in 0,00 ms.
Unloading 1938 Unused Serialized files (Serialized files now loaded: 0)
System memory in use before: 84,2 MB.
System memory in use after: 84,2 MB.

Unloading 19 unused Assets to reduce memory usage. Loaded Objects now: 2402.
Total: 3,186990 ms (FindLiveObjects: 0,296686 ms CreateObjectMapping: 0,104335 ms MarkObjects: 2,633603 ms  DeleteObjects: 0,150594 ms)

========================================================================
Received Prepare
Registering precompiled user dll's ...
Registered in 0,002188 seconds.
Begin MonoManager ReloadAssembly
Native extension for LinuxStandalone target not found
Native extension for WindowsStandalone target not found
Native extension for WebGL target not found
Refreshing native plugins compatible for Editor in 0,55 ms, found 2 plugins.
Preloading 0 native plugins for Editor in 0,00 ms.
Invoked RoslynAnalysisRunner static constructor.
RoslynAnalysisRunner will not be running.
RoslynAnalysisRunner has terminated.
Mono: successfully reloaded assembly
- Completed reload, in  1,040 seconds
Platform modules already initialized, skipping
Refreshing native plugins compatible for Editor in 0,52 ms, found 2 plugins.
Preloading 0 native plugins for Editor in 0,00 ms.
Unloading 1938 Unused Serialized files (Serialized files now loaded: 0)
System memory in use before: 84,5 MB.
System memory in use after: 84,5 MB.

Unloading 19 unused Assets to reduce memory usage. Loaded Objects now: 2405.
Total: 3,561114 ms (FindLiveObjects: 0,408214 ms CreateObjectMapping: 0,095675 ms MarkObjects: 2,892180 ms  DeleteObjects: 0,163361 ms)

========================================================================
Received Prepare
Registering precompiled user dll's ...
Registered in 0,001604 seconds.
Begin MonoManager ReloadAssembly
Native extension for LinuxStandalone target not found
Native extension for WindowsStandalone target not found
Native extension for WebGL target not found
Refreshing native plugins compatible for Editor in 0,57 ms, found 2 plugins.
Preloading 0 native plugins for Editor in 0,00 ms.
Invoked RoslynAnalysisRunner static constructor.
RoslynAnalysisRunner will not be running.
RoslynAnalysisRunner has terminated.
Mono: successfully reloaded assembly
- Completed reload, in  1,181 seconds
Platform modules already initialized, skipping
Refreshing native plugins compatible for Editor in 0,63 ms, found 2 plugins.
Preloading 0 native plugins for Editor in 0,00 ms.
Unloading 1938 Unused Serialized files (Serialized files now loaded: 0)
System memory in use before: 84,7 MB.
System memory in use after: 84,7 MB.

Unloading 19 unused Assets to reduce memory usage. Loaded Objects now: 2408.
Total: 3,688170 ms (FindLiveObjects: 0,410322 ms CreateObjectMapping: 0,130123 ms MarkObjects: 2,987452 ms  DeleteObjects: 0,157833 ms)

========================================================================
Received Prepare
Registering precompiled user dll's ...
Registered in 0,002048 seconds.
Begin MonoManager ReloadAssembly
Native extension for LinuxStandalone target not found
Native extension for WindowsStandalone target not found
Native extension for WebGL target not found
Refreshing native plugins compatible for Editor in 0,79 ms, found 2 plugins.
Preloading 0 native plugins for Editor in 0,00 ms.
Invoked RoslynAnalysisRunner static constructor.
RoslynAnalysisRunner will not be running.
RoslynAnalysisRunner has terminated.
Mono: successfully reloaded assembly
- Completed reload, in  1,240 seconds
Platform modules already initialized, skipping
Refreshing native plugins compatible for Editor in 0,80 ms, found 2 plugins.
Preloading 0 native plugins for Editor in 0,00 ms.
Unloading 1938 Unused Serialized files (Serialized files now loaded: 0)
System memory in use before: 84,9 MB.
System memory in use after: 84,9 MB.

Unloading 19 unused Assets to reduce memory usage. Loaded Objects now: 2411.
Total: 4,589055 ms (FindLiveObjects: 0,378000 ms CreateObjectMapping: 0,205244 ms MarkObjects: 3,790029 ms  DeleteObjects: 0,213726 ms)

========================================================================
Received Prepare
Registering precompiled user dll's ...
Registered in 0,001716 seconds.
Begin MonoManager ReloadAssembly
Native extension for LinuxStandalone target not found
Native extension for WindowsStandalone target not found
Native extension for WebGL target not found
Refreshing native plugins compatible for Editor in 0,91 ms, found 2 plugins.
Preloading 0 native plugins for Editor in 0,00 ms.
Invoked RoslynAnalysisRunner static constructor.
RoslynAnalysisRunner will not be running.
RoslynAnalysisRunner has terminated.
Mono: successfully reloaded assembly
- Completed reload, in  1,394 seconds
Platform modules already initialized, skipping
Refreshing native plugins compatible for Editor in 0,86 ms, found 2 plugins.
Preloading 0 native plugins for Editor in 0,00 ms.
Unloading 1938 Unused Serialized files (Serialized files now loaded: 0)
System memory in use before: 84,2 MB.
System memory in use after: 84,1 MB.

Unloading 19 unused Assets to reduce memory usage. Loaded Objects now: 2414.
Total: 5,608694 ms (FindLiveObjects: 0,662936 ms CreateObjectMapping: 0,748152 ms MarkObjects: 4,005360 ms  DeleteObjects: 0,187391 ms)

========================================================================
Received Prepare
Registering precompiled user dll's ...
Registered in 0,002290 seconds.
Begin MonoManager ReloadAssembly
Native extension for LinuxStandalone target not found
Native extension for WindowsStandalone target not found
Native extension for WebGL target not found
Refreshing native plugins compatible for Editor in 0,51 ms, found 2 plugins.
Preloading 0 native plugins for Editor in 0,00 ms.
Invoked RoslynAnalysisRunner static constructor.
RoslynAnalysisRunner will not be running.
RoslynAnalysisRunner has terminated.
Mono: successfully reloaded assembly
- Completed reload, in  1,025 seconds
Platform modules already initialized, skipping
Refreshing native plugins compatible for Editor in 0,54 ms, found 2 plugins.
Preloading 0 native plugins for Editor in 0,00 ms.
Unloading 1938 Unused Serialized files (Serialized files now loaded: 0)
System memory in use before: 84,4 MB.
System memory in use after: 84,4 MB.

Unloading 19 unused Assets to reduce memory usage. Loaded Objects now: 2417.
Total: 3,853597 ms (FindLiveObjects: 0,338160 ms CreateObjectMapping: 0,176583 ms MarkObjects: 3,107702 ms  DeleteObjects: 0,228786 ms)

========================================================================
Received Prepare
Registering precompiled user dll's ...
Registered in 0,001710 seconds.
Begin MonoManager ReloadAssembly
Native extension for LinuxStandalone target not found
Native extension for WindowsStandalone target not found
Native extension for WebGL target not found
Refreshing native plugins compatible for Editor in 0,52 ms, found 2 plugins.
Preloading 0 native plugins for Editor in 0,00 ms.
Invoked RoslynAnalysisRunner static constructor.
RoslynAnalysisRunner will not be running.
RoslynAnalysisRunner has terminated.
Mono: successfully reloaded assembly
- Completed reload, in  1,313 seconds
Platform modules already initialized, skipping
Refreshing native plugins compatible for Editor in 0,50 ms, found 2 plugins.
Preloading 0 native plugins for Editor in 0,00 ms.
Unloading 1938 Unused Serialized files (Serialized files now loaded: 0)
System memory in use before: 84,6 MB.
System memory in use after: 84,6 MB.

Unloading 19 unused Assets to reduce memory usage. Loaded Objects now: 2420.
Total: 3,076182 ms (FindLiveObjects: 0,339202 ms CreateObjectMapping: 0,110324 ms MarkObjects: 2,474619 ms  DeleteObjects: 0,150335 ms)

========================================================================
Received Prepare
Registering precompiled user dll's ...
Registered in 0,002268 seconds.
Begin MonoManager ReloadAssembly
Native extension for LinuxStandalone target not found
Native extension for WindowsStandalone target not found
Native extension for WebGL target not found
Refreshing native plugins compatible for Editor in 0,51 ms, found 2 plugins.
Preloading 0 native plugins for Editor in 0,00 ms.
Invoked RoslynAnalysisRunner static constructor.
RoslynAnalysisRunner will not be running.
RoslynAnalysisRunner has terminated.
Mono: successfully reloaded assembly
- Completed reload, in  1,092 seconds
Platform modules already initialized, skipping
Refreshing native plugins compatible for Editor in 0,57 ms, found 2 plugins.
Preloading 0 native plugins for Editor in 0,00 ms.
Unloading 1938 Unused Serialized files (Serialized files now loaded: 0)
System memory in use before: 84,8 MB.
System memory in use after: 84,8 MB.

Unloading 19 unused Assets to reduce memory usage. Loaded Objects now: 2423.
Total: 4,009002 ms (FindLiveObjects: 0,426122 ms CreateObjectMapping: 0,149700 ms MarkObjects: 3,233140 ms  DeleteObjects: 0,198047 ms)

========================================================================
Received Prepare
Registering precompiled user dll's ...
Registered in 0,001900 seconds.
Begin MonoManager ReloadAssembly
Native extension for LinuxStandalone target not found
Native extension for WindowsStandalone target not found
Native extension for WebGL target not found
Refreshing native plugins compatible for Editor in 0,66 ms, found 2 plugins.
Preloading 0 native plugins for Editor in 0,00 ms.
Invoked RoslynAnalysisRunner static constructor.
RoslynAnalysisRunner will not be running.
RoslynAnalysisRunner has terminated.
Mono: successfully reloaded assembly
- Completed reload, in  1,074 seconds
Platform modules already initialized, skipping
Refreshing native plugins compatible for Editor in 0,55 ms, found 2 plugins.
Preloading 0 native plugins for Editor in 0,00 ms.
Unloading 1938 Unused Serialized files (Serialized files now loaded: 0)
System memory in use before: 84,9 MB.
System memory in use after: 84,9 MB.

Unloading 19 unused Assets to reduce memory usage. Loaded Objects now: 2426.
Total: 7,883778 ms (FindLiveObjects: 0,595450 ms CreateObjectMapping: 0,339771 ms MarkObjects: 6,651663 ms  DeleteObjects: 0,292492 ms)

========================================================================
Received Prepare
Registering precompiled user dll's ...
Registered in 0,001519 seconds.
Begin MonoManager ReloadAssembly
Native extension for LinuxStandalone target not found
Native extension for WindowsStandalone target not found
Native extension for WebGL target not found
Refreshing native plugins compatible for Editor in 0,48 ms, found 2 plugins.
Preloading 0 native plugins for Editor in 0,00 ms.
Invoked RoslynAnalysisRunner static constructor.
RoslynAnalysisRunner will not be running.
RoslynAnalysisRunner has terminated.
Mono: successfully reloaded assembly
- Completed reload, in  1,109 seconds
Platform modules already initialized, skipping
Refreshing native plugins compatible for Editor in 0,59 ms, found 2 plugins.
Preloading 0 native plugins for Editor in 0,00 ms.
Unloading 1938 Unused Serialized files (Serialized files now loaded: 0)
System memory in use before: 84,3 MB.
System memory in use after: 84,3 MB.

Unloading 19 unused Assets to reduce memory usage. Loaded Objects now: 2429.
Total: 4,272083 ms (FindLiveObjects: 0,399757 ms CreateObjectMapping: 0,153337 ms MarkObjects: 3,455431 ms  DeleteObjects: 0,261319 ms)

========================================================================
Received Prepare
Registering precompiled user dll's ...
Registered in 0,002990 seconds.
Begin MonoManager ReloadAssembly
Native extension for LinuxStandalone target not found
Native extension for WindowsStandalone target not found
Native extension for WebGL target not found
Refreshing native plugins compatible for Editor in 0,59 ms, found 2 plugins.
Preloading 0 native plugins for Editor in 0,00 ms.
Invoked RoslynAnalysisRunner static constructor.
RoslynAnalysisRunner will not be running.
RoslynAnalysisRunner has terminated.
Mono: successfully reloaded assembly
- Completed reload, in  1,093 seconds
Platform modules already initialized, skipping
Refreshing native plugins compatible for Editor in 0,55 ms, found 2 plugins.
Preloading 0 native plugins for Editor in 0,00 ms.
Unloading 1938 Unused Serialized files (Serialized files now loaded: 0)
System memory in use before: 84,5 MB.
System memory in use after: 84,5 MB.

Unloading 19 unused Assets to reduce memory usage. Loaded Objects now: 2432.
Total: 6,883352 ms (FindLiveObjects: 0,510620 ms CreateObjectMapping: 0,208748 ms MarkObjects: 5,987677 ms  DeleteObjects: 0,172017 ms)

========================================================================
Received Prepare
Registering precompiled user dll's ...
Registered in 0,002742 seconds.
Begin MonoManager ReloadAssembly
Native extension for LinuxStandalone target not found
Native extension for WindowsStandalone target not found
Native extension for WebGL target not found
Refreshing native plugins compatible for Editor in 0,48 ms, found 2 plugins.
Preloading 0 native plugins for Editor in 0,00 ms.
Invoked RoslynAnalysisRunner static constructor.
RoslynAnalysisRunner will not be running.
RoslynAnalysisRunner has terminated.
Mono: successfully reloaded assembly
- Completed reload, in  1,099 seconds
Platform modules already initialized, skipping
Refreshing native plugins compatible for Editor in 0,55 ms, found 2 plugins.
Preloading 0 native plugins for Editor in 0,00 ms.
Unloading 1938 Unused Serialized files (Serialized files now loaded: 0)
System memory in use before: 84,7 MB.
System memory in use after: 84,7 MB.

Unloading 19 unused Assets to reduce memory usage. Loaded Objects now: 2435.
Total: 3,251448 ms (FindLiveObjects: 0,288014 ms CreateObjectMapping: 0,117644 ms MarkObjects: 2,672631 ms  DeleteObjects: 0,171115 ms)

========================================================================
Received Prepare
Registering precompiled user dll's ...
Registered in 0,002889 seconds.
Begin MonoManager ReloadAssembly
Native extension for LinuxStandalone target not found
Native extension for WindowsStandalone target not found
Native extension for WebGL target not found
Refreshing native plugins compatible for Editor in 0,62 ms, found 2 plugins.
Preloading 0 native plugins for Editor in 0,00 ms.
Invoked RoslynAnalysisRunner static constructor.
RoslynAnalysisRunner will not be running.
RoslynAnalysisRunner has terminated.
Mono: successfully reloaded assembly
- Completed reload, in  1,824 seconds
Platform modules already initialized, skipping
Refreshing native plugins compatible for Editor in 0,67 ms, found 2 plugins.
Preloading 0 native plugins for Editor in 0,00 ms.
Unloading 1938 Unused Serialized files (Serialized files now loaded: 0)
System memory in use before: 85,0 MB.
System memory in use after: 85,0 MB.

Unloading 19 unused Assets to reduce memory usage. Loaded Objects now: 2438.
Total: 6,394579 ms (FindLiveObjects: 0,562720 ms CreateObjectMapping: 0,204371 ms MarkObjects: 5,352901 ms  DeleteObjects: 0,269291 ms)

========================================================================
Received Prepare
Registering precompiled user dll's ...
Registered in 0,002083 seconds.
Begin MonoManager ReloadAssembly
Native extension for LinuxStandalone target not found
Native extension for WindowsStandalone target not found
Native extension for WebGL target not found
Refreshing native plugins compatible for Editor in 0,48 ms, found 2 plugins.
Preloading 0 native plugins for Editor in 0,00 ms.
Invoked RoslynAnalysisRunner static constructor.
RoslynAnalysisRunner will not be running.
RoslynAnalysisRunner has terminated.
Mono: successfully reloaded assembly
- Completed reload, in  0,985 seconds
Platform modules already initialized, skipping
Refreshing native plugins compatible for Editor in 0,53 ms, found 2 plugins.
Preloading 0 native plugins for Editor in 0,00 ms.
Unloading 1938 Unused Serialized files (Serialized files now loaded: 0)
System memory in use before: 85,0 MB.
System memory in use after: 85,0 MB.

Unloading 19 unused Assets to reduce memory usage. Loaded Objects now: 2441.
Total: 8,258115 ms (FindLiveObjects: 0,611797 ms CreateObjectMapping: 0,309079 ms MarkObjects: 7,016733 ms  DeleteObjects: 0,316359 ms)

========================================================================
Received Prepare
Registering precompiled user dll's ...
Registered in 0,001742 seconds.
Begin MonoManager ReloadAssembly
Native extension for LinuxStandalone target not found
Native extension for WindowsStandalone target not found
Native extension for WebGL target not found
Refreshing native plugins compatible for Editor in 0,49 ms, found 2 plugins.
Preloading 0 native plugins for Editor in 0,00 ms.
Invoked RoslynAnalysisRunner static constructor.
RoslynAnalysisRunner will not be running.
RoslynAnalysisRunner has terminated.
Mono: successfully reloaded assembly
- Completed reload, in  0,982 seconds
Platform modules already initialized, skipping
Refreshing native plugins compatible for Editor in 0,47 ms, found 2 plugins.
Preloading 0 native plugins for Editor in 0,00 ms.
Unloading 1938 Unused Serialized files (Serialized files now loaded: 0)
System memory in use before: 84,4 MB.
System memory in use after: 84,4 MB.

Unloading 19 unused Assets to reduce memory usage. Loaded Objects now: 2444.
Total: 3,207820 ms (FindLiveObjects: 0,377477 ms CreateObjectMapping: 0,120408 ms MarkObjects: 2,548518 ms  DeleteObjects: 0,159199 ms)

========================================================================
Received Prepare
Registering precompiled user dll's ...
Registered in 0,001526 seconds.
Begin MonoManager ReloadAssembly
Native extension for LinuxStandalone target not found
Native extension for WindowsStandalone target not found
Native extension for WebGL target not found
Refreshing native plugins compatible for Editor in 0,59 ms, found 2 plugins.
Preloading 0 native plugins for Editor in 0,00 ms.
Invoked RoslynAnalysisRunner static constructor.
RoslynAnalysisRunner will not be running.
RoslynAnalysisRunner has terminated.
Mono: successfully reloaded assembly
- Completed reload, in  1,056 seconds
Platform modules already initialized, skipping
Refreshing native plugins compatible for Editor in 0,73 ms, found 2 plugins.
Preloading 0 native plugins for Editor in 0,00 ms.
Unloading 1938 Unused Serialized files (Serialized files now loaded: 0)
System memory in use before: 84,7 MB.
System memory in use after: 84,6 MB.

Unloading 19 unused Assets to reduce memory usage. Loaded Objects now: 2447.
Total: 3,297442 ms (FindLiveObjects: 0,305372 ms CreateObjectMapping: 0,107947 ms MarkObjects: 2,722263 ms  DeleteObjects: 0,160091 ms)

========================================================================
Received Prepare
Registering precompiled user dll's ...
Registered in 0,001679 seconds.
Begin MonoManager ReloadAssembly
Native extension for LinuxStandalone target not found
Native extension for WindowsStandalone target not found
Native extension for WebGL target not found
Refreshing native plugins compatible for Editor in 0,48 ms, found 2 plugins.
Preloading 0 native plugins for Editor in 0,00 ms.
Invoked RoslynAnalysisRunner static constructor.
RoslynAnalysisRunner will not be running.
RoslynAnalysisRunner has terminated.
Mono: successfully reloaded assembly
- Completed reload, in  0,993 seconds
Platform modules already initialized, skipping
Refreshing native plugins compatible for Editor in 0,48 ms, found 2 plugins.
Preloading 0 native plugins for Editor in 0,00 ms.
Unloading 1938 Unused Serialized files (Serialized files now loaded: 0)
System memory in use before: 84,9 MB.
System memory in use after: 84,9 MB.

Unloading 19 unused Assets to reduce memory usage. Loaded Objects now: 2450.
Total: 3,272098 ms (FindLiveObjects: 0,278650 ms CreateObjectMapping: 0,104695 ms MarkObjects: 2,725181 ms  DeleteObjects: 0,161852 ms)

========================================================================
Received Prepare
Registering precompiled user dll's ...
Registered in 0,001576 seconds.
Begin MonoManager ReloadAssembly
Native extension for LinuxStandalone target not found
Native extension for WindowsStandalone target not found
Native extension for WebGL target not found
Refreshing native plugins compatible for Editor in 1,01 ms, found 2 plugins.
Preloading 0 native plugins for Editor in 0,00 ms.
Invoked RoslynAnalysisRunner static constructor.
RoslynAnalysisRunner will not be running.
RoslynAnalysisRunner has terminated.
Mono: successfully reloaded assembly
- Completed reload, in  1,453 seconds
Platform modules already initialized, skipping
Refreshing native plugins compatible for Editor in 0,92 ms, found 2 plugins.
Preloading 0 native plugins for Editor in 0,00 ms.
Unloading 1938 Unused Serialized files (Serialized files now loaded: 0)
System memory in use before: 85,0 MB.
System memory in use after: 85,0 MB.

Unloading 19 unused Assets to reduce memory usage. Loaded Objects now: 2453.
Total: 6,739010 ms (FindLiveObjects: 1,289942 ms CreateObjectMapping: 0,272067 ms MarkObjects: 4,898974 ms  DeleteObjects: 0,271918 ms)

========================================================================
Received Prepare
Registering precompiled user dll's ...
Registered in 0,003523 seconds.
Begin MonoManager ReloadAssembly
Native extension for LinuxStandalone target not found
Native extension for WindowsStandalone target not found
Native extension for WebGL target not found
Refreshing native plugins compatible for Editor in 0,55 ms, found 2 plugins.
Preloading 0 native plugins for Editor in 0,00 ms.
Invoked RoslynAnalysisRunner static constructor.
RoslynAnalysisRunner will not be running.
RoslynAnalysisRunner has terminated.
Mono: successfully reloaded assembly
- Completed reload, in  1,021 seconds
Platform modules already initialized, skipping
Refreshing native plugins compatible for Editor in 0,75 ms, found 2 plugins.
Preloading 0 native plugins for Editor in 0,00 ms.
Unloading 1938 Unused Serialized files (Serialized files now loaded: 0)
System memory in use before: 84,3 MB.
System memory in use after: 84,3 MB.

Unloading 19 unused Assets to reduce memory usage. Loaded Objects now: 2456.
Total: 4,404079 ms (FindLiveObjects: 0,366907 ms CreateObjectMapping: 0,141370 ms MarkObjects: 3,636569 ms  DeleteObjects: 0,256973 ms)

========================================================================
Received Prepare
Registering precompiled user dll's ...
Registered in 0,003938 seconds.
Begin MonoManager ReloadAssembly
Native extension for LinuxStandalone target not found
Native extension for WindowsStandalone target not found
Native extension for WebGL target not found
Refreshing native plugins compatible for Editor in 0,48 ms, found 2 plugins.
Preloading 0 native plugins for Editor in 0,00 ms.
Invoked RoslynAnalysisRunner static constructor.
RoslynAnalysisRunner will not be running.
RoslynAnalysisRunner has terminated.
Mono: successfully reloaded assembly
- Completed reload, in  1,128 seconds
Platform modules already initialized, skipping
Refreshing native plugins compatible for Editor in 0,53 ms, found 2 plugins.
Preloading 0 native plugins for Editor in 0,00 ms.
Unloading 1938 Unused Serialized files (Serialized files now loaded: 0)
System memory in use before: 84,6 MB.
System memory in use after: 84,5 MB.

Unloading 19 unused Assets to reduce memory usage. Loaded Objects now: 2459.
Total: 3,307879 ms (FindLiveObjects: 0,362931 ms CreateObjectMapping: 0,116092 ms MarkObjects: 2,650023 ms  DeleteObjects: 0,176774 ms)

========================================================================
Received Prepare
Registering precompiled user dll's ...
Registered in 0,001536 seconds.
Begin MonoManager ReloadAssembly
Native extension for LinuxStandalone target not found
Native extension for WindowsStandalone target not found
Native extension for WebGL target not found
Refreshing native plugins compatible for Editor in 0,57 ms, found 2 plugins.
Preloading 0 native plugins for Editor in 0,00 ms.
Invoked RoslynAnalysisRunner static constructor.
RoslynAnalysisRunner will not be running.
RoslynAnalysisRunner has terminated.
Mono: successfully reloaded assembly
- Completed reload, in  1,212 seconds
Platform modules already initialized, skipping
Refreshing native plugins compatible for Editor in 0,75 ms, found 2 plugins.
Preloading 0 native plugins for Editor in 0,00 ms.
Unloading 1938 Unused Serialized files (Serialized files now loaded: 0)
System memory in use before: 84,8 MB.
System memory in use after: 84,8 MB.

Unloading 19 unused Assets to reduce memory usage. Loaded Objects now: 2462.
Total: 5,526989 ms (FindLiveObjects: 0,462984 ms CreateObjectMapping: 0,395850 ms MarkObjects: 4,443579 ms  DeleteObjects: 0,221813 ms)

========================================================================
Received Prepare
Registering precompiled user dll's ...
Registered in 0,001467 seconds.
Begin MonoManager ReloadAssembly
Native extension for LinuxStandalone target not found
Native extension for WindowsStandalone target not found
Native extension for WebGL target not found
Refreshing native plugins compatible for Editor in 0,50 ms, found 2 plugins.
Preloading 0 native plugins for Editor in 0,00 ms.
Invoked RoslynAnalysisRunner static constructor.
RoslynAnalysisRunner will not be running.
RoslynAnalysisRunner has terminated.
Mono: successfully reloaded assembly
- Completed reload, in  1,158 seconds
Platform modules already initialized, skipping
Refreshing native plugins compatible for Editor in 0,59 ms, found 2 plugins.
Preloading 0 native plugins for Editor in 0,00 ms.
Unloading 1938 Unused Serialized files (Serialized files now loaded: 0)
System memory in use before: 85,0 MB.
System memory in use after: 85,0 MB.

Unloading 19 unused Assets to reduce memory usage. Loaded Objects now: 2465.
Total: 6,418740 ms (FindLiveObjects: 0,318418 ms CreateObjectMapping: 0,102734 ms MarkObjects: 5,828066 ms  DeleteObjects: 0,167441 ms)

========================================================================
Received Prepare
Registering precompiled user dll's ...
Registered in 0,001514 seconds.
Begin MonoManager ReloadAssembly
Native extension for LinuxStandalone target not found
Native extension for WindowsStandalone target not found
Native extension for WebGL target not found
Refreshing native plugins compatible for Editor in 0,76 ms, found 2 plugins.
Preloading 0 native plugins for Editor in 0,00 ms.
Invoked RoslynAnalysisRunner static constructor.
RoslynAnalysisRunner will not be running.
RoslynAnalysisRunner has terminated.
Mono: successfully reloaded assembly
- Completed reload, in  0,979 seconds
Platform modules already initialized, skipping
Refreshing native plugins compatible for Editor in 0,47 ms, found 2 plugins.
Preloading 0 native plugins for Editor in 0,00 ms.
Unloading 1938 Unused Serialized files (Serialized files now loaded: 0)
System memory in use before: 85,0 MB.
System memory in use after: 85,0 MB.

Unloading 19 unused Assets to reduce memory usage. Loaded Objects now: 2468.
Total: 3,750030 ms (FindLiveObjects: 0,428383 ms CreateObjectMapping: 0,199464 ms MarkObjects: 2,938599 ms  DeleteObjects: 0,181090 ms)

========================================================================
Received Prepare
Registering precompiled user dll's ...
Registered in 0,001661 seconds.
Begin MonoManager ReloadAssembly
Native extension for LinuxStandalone target not found
Native extension for WindowsStandalone target not found
Native extension for WebGL target not found
Refreshing native plugins compatible for Editor in 0,49 ms, found 2 plugins.
Preloading 0 native plugins for Editor in 0,00 ms.
Invoked RoslynAnalysisRunner static constructor.
RoslynAnalysisRunner will not be running.
RoslynAnalysisRunner has terminated.
Mono: successfully reloaded assembly
- Completed reload, in  0,997 seconds
Platform modules already initialized, skipping
Refreshing native plugins compatible for Editor in 0,47 ms, found 2 plugins.
Preloading 0 native plugins for Editor in 0,00 ms.
Unloading 1938 Unused Serialized files (Serialized files now loaded: 0)
System memory in use before: 84,5 MB.
System memory in use after: 84,5 MB.

Unloading 19 unused Assets to reduce memory usage. Loaded Objects now: 2471.
Total: 6,746160 ms (FindLiveObjects: 0,334652 ms CreateObjectMapping: 0,107856 ms MarkObjects: 6,139583 ms  DeleteObjects: 0,162229 ms)

========================================================================
Received Prepare
Registering precompiled user dll's ...
Registered in 0,001648 seconds.
Begin MonoManager ReloadAssembly
Native extension for LinuxStandalone target not found
Native extension for WindowsStandalone target not found
Native extension for WebGL target not found
Refreshing native plugins compatible for Editor in 1,09 ms, found 2 plugins.
Preloading 0 native plugins for Editor in 0,00 ms.
Invoked RoslynAnalysisRunner static constructor.
RoslynAnalysisRunner will not be running.
RoslynAnalysisRunner has terminated.
Mono: successfully reloaded assembly
- Completed reload, in  1,549 seconds
Platform modules already initialized, skipping
Refreshing native plugins compatible for Editor in 0,79 ms, found 2 plugins.
Preloading 0 native plugins for Editor in 0,00 ms.
Unloading 1938 Unused Serialized files (Serialized files now loaded: 0)
System memory in use before: 84,7 MB.
System memory in use after: 84,7 MB.

Unloading 19 unused Assets to reduce memory usage. Loaded Objects now: 2474.
Total: 6,859530 ms (FindLiveObjects: 0,916657 ms CreateObjectMapping: 0,548883 ms MarkObjects: 5,147590 ms  DeleteObjects: 0,237118 ms)

========================================================================
Received Prepare
Registering precompiled user dll's ...
Registered in 0,001530 seconds.
Begin MonoManager ReloadAssembly
Native extension for LinuxStandalone target not found
Native extension for WindowsStandalone target not found
Native extension for WebGL target not found
Refreshing native plugins compatible for Editor in 0,51 ms, found 2 plugins.
Preloading 0 native plugins for Editor in 0,00 ms.
Invoked RoslynAnalysisRunner static constructor.
RoslynAnalysisRunner will not be running.
RoslynAnalysisRunner has terminated.
Mono: successfully reloaded assembly
- Completed reload, in  1,101 seconds
Platform modules already initialized, skipping
Refreshing native plugins compatible for Editor in 0,52 ms, found 2 plugins.
Preloading 0 native plugins for Editor in 0,00 ms.
Unloading 1938 Unused Serialized files (Serialized files now loaded: 0)
System memory in use before: 84,9 MB.
System memory in use after: 84,9 MB.

Unloading 19 unused Assets to reduce memory usage. Loaded Objects now: 2477.
Total: 7,235200 ms (FindLiveObjects: 0,523794 ms CreateObjectMapping: 0,251665 ms MarkObjects: 6,134966 ms  DeleteObjects: 0,319502 ms)

========================================================================
Received Prepare
Registering precompiled user dll's ...
Registered in 0,001613 seconds.
Begin MonoManager ReloadAssembly
Native extension for LinuxStandalone target not found
Native extension for WindowsStandalone target not found
Native extension for WebGL target not found
Refreshing native plugins compatible for Editor in 0,63 ms, found 2 plugins.
Preloading 0 native plugins for Editor in 0,00 ms.
Invoked RoslynAnalysisRunner static constructor.
RoslynAnalysisRunner will not be running.
RoslynAnalysisRunner has terminated.
Mono: successfully reloaded assembly
- Completed reload, in  1,551 seconds
Platform modules already initialized, skipping
Refreshing native plugins compatible for Editor in 1,14 ms, found 2 plugins.
Preloading 0 native plugins for Editor in 0,00 ms.
Unloading 1938 Unused Serialized files (Serialized files now loaded: 0)
System memory in use before: 85,1 MB.
System memory in use after: 85,0 MB.

Unloading 19 unused Assets to reduce memory usage. Loaded Objects now: 2480.
Total: 12,932291 ms (FindLiveObjects: 2,351994 ms CreateObjectMapping: 0,572182 ms MarkObjects: 9,527415 ms  DeleteObjects: 0,467386 ms)

